<?xml version="1.0" encoding="UTF-8"?>
<robot generator="Robot 7.1.1 (Python 3.13.1 on win32)" generated="2025-02-25T20:34:51.209633" rpa="false" schemaversion="5">
<suite id="s1" name="testRobotSprint2" source="D:\sprint1\git-group-repository-group-3-sec-2-v-2\Test\testRobotSprint2.robot">
<test id="s1-t1" name="TC001 Open Event Registration Page" line="10">
<kw name="Open Browser" owner="SeleniumLibrary">
<msg time="2025-02-25T20:34:51.990812" level="INFO">Opening browser 'Chrome' to base url 'https://sesec2group3.cpkkuhost.com'.</msg>
<arg>${URL}</arg>
<arg>${BROWSER}</arg>
<doc>Opens a new browser instance to the optional ``url``.</doc>
<status status="PASS" start="2025-02-25T20:34:51.990564" elapsed="36.507456"/>
</kw>
<kw name="Maximize Browser Window" owner="SeleniumLibrary">
<doc>Maximizes current browser window.</doc>
<status status="PASS" start="2025-02-25T20:35:28.502897" elapsed="0.040707"/>
</kw>
<kw name="Wait Until Page Contains" owner="SeleniumLibrary">
<arg>ระบบข้อมูลงานวิจัย วิทยาลัยการคอมพิวเตอร์</arg>
<arg>timeout=30s</arg>
<doc>Waits until ``text`` appears on the current page.</doc>
<status status="PASS" start="2025-02-25T20:35:28.544121" elapsed="0.035432"/>
</kw>
<kw name="Page Should Contain" owner="SeleniumLibrary">
<msg time="2025-02-25T20:35:28.593010" level="INFO">Current page contains text 'ระบบข้อมูลงานวิจัย วิทยาลัยการคอมพิวเตอร์'.</msg>
<arg>ระบบข้อมูลงานวิจัย วิทยาลัยการคอมพิวเตอร์</arg>
<doc>Verifies that current page contains ``text``.</doc>
<status status="PASS" start="2025-02-25T20:35:28.580033" elapsed="0.013255"/>
</kw>
<status status="PASS" start="2025-02-25T20:34:51.989468" elapsed="36.604813"/>
</test>
<test id="s1-t2" name="TC002 Researcher Group Navigation" line="16">
<kw name="Wait Until Element Is Visible" owner="SeleniumLibrary">
<arg>xpath=//a[contains(text(),'Research Group')]</arg>
<arg>timeout=30s</arg>
<doc>Waits until the element ``locator`` is visible.</doc>
<status status="PASS" start="2025-02-25T20:35:28.596682" elapsed="0.054583"/>
</kw>
<kw name="Click Element" owner="SeleniumLibrary">
<msg time="2025-02-25T20:35:28.653216" level="INFO">Clicking element 'xpath=//a[contains(text(),'Research Group')]'.</msg>
<arg>xpath=//a[contains(text(),'Research Group')]</arg>
<doc>Click the element identified by ``locator``.</doc>
<status status="PASS" start="2025-02-25T20:35:28.652467" elapsed="1.042904"/>
</kw>
<kw name="Wait Until Page Contains" owner="SeleniumLibrary">
<arg>Research Group</arg>
<arg>timeout=30s</arg>
<doc>Waits until ``text`` appears on the current page.</doc>
<status status="PASS" start="2025-02-25T20:35:29.696699" elapsed="0.016863"/>
</kw>
<status status="PASS" start="2025-02-25T20:35:28.595733" elapsed="1.118550"/>
</test>
<test id="s1-t3" name="TC003 View Research Group Details" line="21">
<kw name="Wait Until Element Is Visible" owner="SeleniumLibrary">
<arg>xpath=//div[@class='overlay']//h5[text()='Applied Intelligence and Data Analytics (AIDA)']</arg>
<arg>timeout=60s</arg>
<doc>Waits until the element ``locator`` is visible.</doc>
<status status="PASS" start="2025-02-25T20:35:29.716852" elapsed="0.025401"/>
</kw>
<kw name="Click Element" owner="SeleniumLibrary">
<msg time="2025-02-25T20:35:29.743057" level="INFO">Clicking element 'xpath=//div[@class='overlay']//h5[text()='Applied Intelligence and Data Analytics (AIDA)']'.</msg>
<arg>xpath=//div[@class='overlay']//h5[text()='Applied Intelligence and Data Analytics (AIDA)']</arg>
<doc>Click the element identified by ``locator``.</doc>
<status status="PASS" start="2025-02-25T20:35:29.742765" elapsed="5.182196"/>
</kw>
<kw name="Sleep" owner="BuiltIn">
<msg time="2025-02-25T20:35:36.926172" level="INFO">Slept 2 seconds.</msg>
<arg>2s</arg>
<doc>Pauses the test executed for the given time.</doc>
<status status="PASS" start="2025-02-25T20:35:34.925434" elapsed="2.000980"/>
</kw>
<kw name="Wait Until Page Contains" owner="SeleniumLibrary">
<arg>AIDA</arg>
<arg>timeout=60s</arg>
<doc>Waits until ``text`` appears on the current page.</doc>
<status status="PASS" start="2025-02-25T20:35:36.926866" elapsed="0.012134"/>
</kw>
<status status="PASS" start="2025-02-25T20:35:29.716267" elapsed="7.223112"/>
</test>
<test id="s1-t4" name="TC004 Login Button" line="27">
<kw name="Wait Until Element Is Visible" owner="SeleniumLibrary">
<arg>xpath=//a[contains(@class,'btn-solid-sm') and text()='Login']</arg>
<arg>timeout=30s</arg>
<doc>Waits until the element ``locator`` is visible.</doc>
<status status="PASS" start="2025-02-25T20:35:36.940384" elapsed="0.017236"/>
</kw>
<kw name="Scroll Element Into View" owner="SeleniumLibrary">
<arg>xpath=//a[contains(@class,'btn-solid-sm') and text()='Login']</arg>
<doc>Scrolls the element identified by ``locator`` into view.</doc>
<status status="PASS" start="2025-02-25T20:35:36.958447" elapsed="0.272635"/>
</kw>
<kw name="Click Element" owner="SeleniumLibrary">
<msg time="2025-02-25T20:35:37.231821" level="INFO">Clicking element 'xpath=//a[contains(@class,'btn-solid-sm') and text()='Login']'.</msg>
<arg>xpath=//a[contains(@class,'btn-solid-sm') and text()='Login']</arg>
<doc>Click the element identified by ``locator``.</doc>
<status status="PASS" start="2025-02-25T20:35:37.231573" elapsed="0.109637"/>
</kw>
<kw name="Sleep" owner="BuiltIn">
<msg time="2025-02-25T20:35:39.342483" level="INFO">Slept 2 seconds.</msg>
<arg>2s</arg>
<doc>Pauses the test executed for the given time.</doc>
<status status="PASS" start="2025-02-25T20:35:37.341797" elapsed="2.000873"/>
</kw>
<kw name="Switch Window" owner="SeleniumLibrary">
<arg>NEW</arg>
<doc>Switches to browser window matching ``locator``.</doc>
<status status="PASS" start="2025-02-25T20:35:39.343200" elapsed="0.011170"/>
</kw>
<kw name="Wait Until Element Is Visible" owner="SeleniumLibrary">
<arg>name=username</arg>
<arg>timeout=30s</arg>
<doc>Waits until the element ``locator`` is visible.</doc>
<status status="PASS" start="2025-02-25T20:35:39.354690" elapsed="0.016282"/>
</kw>
<status status="PASS" start="2025-02-25T20:35:36.939997" elapsed="2.431399"/>
</test>
<test id="s1-t5" name="TC005 Login Head" line="35">
<kw name="Input Text" owner="SeleniumLibrary">
<msg time="2025-02-25T20:35:39.373015" level="INFO">Typing text 'Ngamnij@kku.ac.th' into text field 'name=username'.</msg>
<arg>name=username</arg>
<arg>Ngamnij@kku.ac.th</arg>
<doc>Types the given ``text`` into the text field identified by ``locator``.</doc>
<status status="PASS" start="2025-02-25T20:35:39.372790" elapsed="0.117823"/>
</kw>
<kw name="Input Text" owner="SeleniumLibrary">
<msg time="2025-02-25T20:35:39.491273" level="INFO">Typing text '123456789' into text field 'name=password'.</msg>
<arg>name=password</arg>
<arg>123456789</arg>
<doc>Types the given ``text`` into the text field identified by ``locator``.</doc>
<status status="PASS" start="2025-02-25T20:35:39.491027" elapsed="0.108748"/>
</kw>
<kw name="Click Button" owner="SeleniumLibrary">
<msg time="2025-02-25T20:35:39.600633" level="INFO">Clicking button 'xpath=//button[@type='submit']'.</msg>
<arg>xpath=//button[@type='submit']</arg>
<doc>Clicks the button identified by ``locator``.</doc>
<status status="PASS" start="2025-02-25T20:35:39.600268" elapsed="8.664578"/>
</kw>
<kw name="Wait Until Page Contains" owner="SeleniumLibrary">
<arg>Dashboard</arg>
<arg>timeout=30s</arg>
<doc>Waits until ``text`` appears on the current page.</doc>
<status status="PASS" start="2025-02-25T20:35:48.265201" elapsed="0.009371"/>
</kw>
<status status="PASS" start="2025-02-25T20:35:39.372350" elapsed="8.902475"/>
</test>
<test id="s1-t6" name="TC006 Research Groups" line="41">
<kw name="Wait Until Page Contains Element" owner="SeleniumLibrary">
<arg>xpath=//a[@class='nav-link']/span[contains(@class,'menu-title') and contains(text(),'Research Group')]</arg>
<arg>timeout=90s</arg>
<doc>Waits until the element ``locator`` appears on the current page.</doc>
<status status="PASS" start="2025-02-25T20:35:48.275772" elapsed="0.007917"/>
</kw>
<kw name="Execute Javascript" owner="SeleniumLibrary">
<msg time="2025-02-25T20:35:48.285964" level="INFO">Executing JavaScript:
window.scrollTo(0, document.body.scrollHeight);
Without any arguments.</msg>
<arg>window.scrollTo(0, document.body.scrollHeight);</arg>
<doc>Executes the given JavaScript code with possible arguments.</doc>
<status status="PASS" start="2025-02-25T20:35:48.284204" elapsed="0.005392"/>
</kw>
<kw name="Scroll Element Into View" owner="SeleniumLibrary">
<arg>xpath=//a[@class='nav-link']/span[contains(@class,'menu-title') and contains(text(),'Research Group')]</arg>
<doc>Scrolls the element identified by ``locator`` into view.</doc>
<status status="PASS" start="2025-02-25T20:35:48.289809" elapsed="0.284860"/>
</kw>
<kw name="Wait Until Element Is Visible" owner="SeleniumLibrary">
<arg>xpath=//a[@class='nav-link']/span[contains(@class,'menu-title') and contains(text(),'Research Group')]</arg>
<arg>timeout=30s</arg>
<doc>Waits until the element ``locator`` is visible.</doc>
<status status="PASS" start="2025-02-25T20:35:48.574999" elapsed="0.013362"/>
</kw>
<kw name="Click Element" owner="SeleniumLibrary">
<msg time="2025-02-25T20:35:48.588926" level="INFO">Clicking element 'xpath=//a[@class='nav-link']/span[contains(@class,'menu-title') and contains(text(),'Research Group')]'.</msg>
<arg>xpath=//a[@class='nav-link']/span[contains(@class,'menu-title') and contains(text(),'Research Group')]</arg>
<doc>Click the element identified by ``locator``.</doc>
<status status="PASS" start="2025-02-25T20:35:48.588714" elapsed="0.551153"/>
</kw>
<kw name="Sleep" owner="BuiltIn">
<msg time="2025-02-25T20:35:51.140995" level="INFO">Slept 2 seconds.</msg>
<arg>2s</arg>
<doc>Pauses the test executed for the given time.</doc>
<status status="PASS" start="2025-02-25T20:35:49.140380" elapsed="2.000769"/>
</kw>
<kw name="Wait Until Page Contains" owner="SeleniumLibrary">
<arg>Research Information Management System</arg>
<arg>timeout=60s</arg>
<doc>Waits until ``text`` appears on the current page.</doc>
<status status="PASS" start="2025-02-25T20:35:51.141724" elapsed="0.010395"/>
</kw>
<status status="PASS" start="2025-02-25T20:35:48.275432" elapsed="2.876975"/>
</test>
<test id="s1-t7" name="TC007 Edit Research Groups" line="50">
<kw name="Wait Until Element Is Visible" owner="SeleniumLibrary">
<arg>xpath=//a[@href='https://sesec2group3.cpkkuhost.com/researchGroups/10/edit' and contains(@class,'btn-outline-success') and @title='Edit']</arg>
<arg>timeout=60s</arg>
<doc>Waits until the element ``locator`` is visible.</doc>
<status status="PASS" start="2025-02-25T20:35:51.153545" elapsed="0.011383"/>
</kw>
<kw name="Scroll Element Into View" owner="SeleniumLibrary">
<arg>xpath=//a[@href='https://sesec2group3.cpkkuhost.com/researchGroups/10/edit' and contains(@class,'btn-outline-success') and @title='Edit']</arg>
<doc>Scrolls the element identified by ``locator`` into view.</doc>
<status status="PASS" start="2025-02-25T20:35:51.165201" elapsed="0.282417"/>
</kw>
<kw name="Click Element" owner="SeleniumLibrary">
<msg time="2025-02-25T20:35:51.448137" level="INFO">Clicking element 'xpath=//a[@href='https://sesec2group3.cpkkuhost.com/researchGroups/10/edit' and contains(@class,'btn-outline-success') and @title='Edit']'.</msg>
<arg>xpath=//a[@href='https://sesec2group3.cpkkuhost.com/researchGroups/10/edit' and contains(@class,'btn-outline-success') and @title='Edit']</arg>
<doc>Click the element identified by ``locator``.</doc>
<status status="PASS" start="2025-02-25T20:35:51.447949" elapsed="1.189259"/>
</kw>
<kw name="Sleep" owner="BuiltIn">
<msg time="2025-02-25T20:35:54.638047" level="INFO">Slept 2 seconds.</msg>
<arg>2s</arg>
<doc>Pauses the test executed for the given time.</doc>
<status status="PASS" start="2025-02-25T20:35:52.637590" elapsed="2.000653"/>
</kw>
<kw name="Wait Until Page Contains" owner="SeleniumLibrary">
<arg>แก้ไขข้อมูลกลุ่มวิจัย</arg>
<arg>timeout=60s</arg>
<doc>Waits until ``text`` appears on the current page.</doc>
<status status="PASS" start="2025-02-25T20:35:54.638873" elapsed="0.011980"/>
</kw>
<status status="PASS" start="2025-02-25T20:35:51.153122" elapsed="3.497966"/>
</test>
<test id="s1-t8" name="TC008 Add Member" line="57">
<kw name="Wait Until Element Is Visible" owner="SeleniumLibrary">
<arg>xpath=//button[@id='add-btn2']</arg>
<arg>timeout=30s</arg>
<doc>Waits until the element ``locator`` is visible.</doc>
<status status="PASS" start="2025-02-25T20:35:54.652069" elapsed="0.012209"/>
</kw>
<kw name="Scroll Element Into View" owner="SeleniumLibrary">
<arg>xpath=//button[@id='add-btn2']</arg>
<doc>Scrolls the element identified by ``locator`` into view.</doc>
<status status="PASS" start="2025-02-25T20:35:54.664585" elapsed="0.271059"/>
</kw>
<kw name="Execute Javascript" owner="SeleniumLibrary">
<msg time="2025-02-25T20:35:54.936327" level="INFO">Executing JavaScript:
document.getElementById('add-btn2').click();
Without any arguments.</msg>
<arg>document.getElementById('add-btn2').click();</arg>
<doc>Executes the given JavaScript code with possible arguments.</doc>
<status status="PASS" start="2025-02-25T20:35:54.935955" elapsed="0.011813"/>
</kw>
<kw name="Sleep" owner="BuiltIn">
<msg time="2025-02-25T20:35:56.948860" level="INFO">Slept 2 seconds.</msg>
<arg>2s</arg>
<doc>Pauses the test executed for the given time.</doc>
<status status="PASS" start="2025-02-25T20:35:54.948093" elapsed="2.000941"/>
</kw>
<kw name="Wait Until Element Is Visible" owner="SeleniumLibrary">
<arg>xpath=//select[@id='selUser6']</arg>
<arg>timeout=10s</arg>
<doc>Waits until the element ``locator`` is visible.</doc>
<status status="PASS" start="2025-02-25T20:35:56.949439" elapsed="0.015570"/>
</kw>
<status status="PASS" start="2025-02-25T20:35:54.651739" elapsed="2.313612"/>
</test>
<test id="s1-t9" name="TC009 DropDown" line="64">
<kw name="Wait Until Element Is Visible" owner="SeleniumLibrary">
<arg>xpath=//span[@id='select2-selUser6-container']</arg>
<arg>timeout=10s</arg>
<doc>Waits until the element ``locator`` is visible.</doc>
<status status="PASS" start="2025-02-25T20:35:56.967450" elapsed="0.018922"/>
</kw>
<kw name="Click Element" owner="SeleniumLibrary">
<msg time="2025-02-25T20:35:56.987163" level="INFO">Clicking element 'xpath=//span[@id='select2-selUser6-container']'.</msg>
<msg time="2025-02-25T20:35:58.299252" level="INFO" html="true">&lt;/td&gt;&lt;/tr&gt;&lt;tr&gt;&lt;td colspan="3"&gt;&lt;a href="selenium-screenshot-23.png"&gt;&lt;img src="selenium-screenshot-23.png" width="800px"&gt;&lt;/a&gt;</msg>
<msg time="2025-02-25T20:35:58.305103" level="FAIL">ElementClickInterceptedException: Message: element click intercepted: Element is not clickable at point (669, 1027)
  (Session info: chrome=133.0.6943.127)
Stacktrace:
	GetHandleVerifier [0x00007FF63CAB6EE5+28773]
	(No symbol) [0x00007FF63CA225D0]
	(No symbol) [0x00007FF63C8B8FAA]
	(No symbol) [0x00007FF63C917109]
	(No symbol) [0x00007FF63C914AD2]
	(No symbol) [0x00007FF63C911B81]
	(No symbol) [0x00007FF63C910A91]
	(No symbol) [0x00007FF63C902284]
	(No symbol) [0x00007FF63C93724A]
	(No symbol) [0x00007FF63C901B36]
	(No symbol) [0x00007FF63C937460]
	(No symbol) [0x00007FF63C95F6F3]
	(No symbol) [0x00007FF63C937023]
	(No symbol) [0x00007FF63C8FFF5E]
	(No symbol) [0x00007FF63C9011E3]
	GetHandleVerifier [0x00007FF63CE0422D+3490733]
	GetHandleVerifier [0x00007FF63CE1BA13+3586963]
	GetHandleVerifier [0x00007FF63CE1144D+3544525]
	GetHandleVerifier [0x00007FF63CB7C9AA+838442]
	(No symbol) [0x00007FF63CA2D01F]
	(No symbol) [0x00007FF63CA295E4]
	(No symbol) [0x00007FF63CA29786]
	(No symbol) [0x00007FF63CA18CB9]
	BaseThreadInitThunk [0x00007FF86CBD259D+29]
	RtlUserThreadStart [0x00007FF86EA2AF38+40]
</msg>
<arg>xpath=//span[@id='select2-selUser6-container']</arg>
<doc>Click the element identified by ``locator``.</doc>
<status status="FAIL" start="2025-02-25T20:35:56.986842" elapsed="1.351433">ElementClickInterceptedException: Message: element click intercepted: Element is not clickable at point (669, 1027)
  (Session info: chrome=133.0.6943.127)
Stacktrace:
	GetHandleVerifier [0x00007FF63CAB6EE5+28773]
	(No symbol) [0x00007FF63CA225D0]
	(No symbol) [0x00007FF63C8B8FAA]
	(No symbol) [0x00007FF63C917109]
	(No symbol) [0x00007FF63C914AD2]
	(No symbol) [0x00007FF63C911B81]
	(No symbol) [0x00007FF63C910A91]
	(No symbol) [0x00007FF63C902284]
	(No symbol) [0x00007FF63C93724A]
	(No symbol) [0x00007FF63C901B36]
	(No symbol) [0x00007FF63C937460]
	(No symbol) [0x00007FF63C95F6F3]
	(No symbol) [0x00007FF63C937023]
	(No symbol) [0x00007FF63C8FFF5E]
	(No symbol) [0x00007FF63C9011E3]
	GetHandleVerifier [0x00007FF63CE0422D+3490733]
	GetHandleVerifier [0x00007FF63CE1BA13+3586963]
	GetHandleVerifier [0x00007FF63CE1144D+3544525]
	GetHandleVerifier [0x00007FF63CB7C9AA+838442]
	(No symbol) [0x00007FF63CA2D01F]
	(No symbol) [0x00007FF63CA295E4]
	(No symbol) [0x00007FF63CA29786]
	(No symbol) [0x00007FF63CA18CB9]
	BaseThreadInitThunk [0x00007FF86CBD259D+29]
	RtlUserThreadStart [0x00007FF86EA2AF38+40]
</status>
</kw>
<kw name="Sleep" owner="BuiltIn">
<arg>1s</arg>
<doc>Pauses the test executed for the given time.</doc>
<status status="NOT RUN" start="2025-02-25T20:35:58.339149" elapsed="0.000101"/>
</kw>
<kw name="Run Keyword And Return Status" owner="BuiltIn">
<var>${list_exists}</var>
<arg>Element Should Be Visible</arg>
<arg>xpath=//li[contains(@id, 'select2-selUser6-result')]</arg>
<doc>Runs the given keyword with given arguments and returns the status as a Boolean value.</doc>
<status status="NOT RUN" start="2025-02-25T20:35:58.340697" elapsed="0.000093"/>
</kw>
<kw name="Log To Console" owner="BuiltIn">
<arg>Dropdown Opened: ${list_exists}</arg>
<doc>Logs the given message to the console.</doc>
<status status="NOT RUN" start="2025-02-25T20:35:58.341125" elapsed="0.000060"/>
</kw>
<kw name="Should Be True" owner="BuiltIn">
<arg>${list_exists}</arg>
<arg>FAIL: Dropdown ไม่เปิด</arg>
<doc>Fails if the given condition is not true.</doc>
<status status="NOT RUN" start="2025-02-25T20:35:58.341612" elapsed="0.000078"/>
</kw>
<status status="FAIL" start="2025-02-25T20:35:56.966970" elapsed="1.375532">ElementClickInterceptedException: Message: element click intercepted: Element is not clickable at point (669, 1027)
  (Session info: chrome=133.0.6943.127)
Stacktrace:
	GetHandleVerifier [0x00007FF63CAB6EE5+28773]
	(No symbol) [0x00007FF63CA225D0]
	(No symbol) [0x00007FF63C8B8FAA]
	(No symbol) [0x00007FF63C917109]
	(No symbol) [0x00007FF63C914AD2]
	(No symbol) [0x00007FF63C911B81]
	(No symbol) [0x00007FF63C910A91]
	(No symbol) [0x00007FF63C902284]
	(No symbol) [0x00007FF63C93724A]
	(No symbol) [0x00007FF63C901B36]
	(No symbol) [0x00007FF63C937460]
	(No symbol) [0x00007FF63C95F6F3]
	(No symbol) [0x00007FF63C937023]
	(No symbol) [0x00007FF63C8FFF5E]
	(No symbol) [0x00007FF63C9011E3]
	GetHandleVerifier [0x00007FF63CE0422D+3490733]
	GetHandleVerifier [0x00007FF63CE1BA13+3586963]
	GetHandleVerifier [0x00007FF63CE1144D+3544525]
	GetHandleVerifier [0x00007FF63CB7C9AA+838442]
	(No symbol) [0x00007FF63CA2D01F]
	(No symbol) [0x00007FF63CA295E4]
	(No symbol) [0x00007FF63CA29786]
	(No symbol) [0x00007FF63CA18CB9]
	BaseThreadInitThunk [0x00007FF86CBD259D+29]
	RtlUserThreadStart [0x00007FF86EA2AF38+40]
</status>
</test>
<test id="s1-t10" name="TC010 Add Visitting" line="78">
<kw name="Element Should Be Visible" owner="SeleniumLibrary">
<msg time="2025-02-25T20:35:58.544290" level="INFO" html="true">&lt;/td&gt;&lt;/tr&gt;&lt;tr&gt;&lt;td colspan="3"&gt;&lt;a href="selenium-screenshot-24.png"&gt;&lt;img src="selenium-screenshot-24.png" width="800px"&gt;&lt;/a&gt;</msg>
<msg time="2025-02-25T20:35:58.544904" level="FAIL">Element with locator 'xpath=//li[contains(@id, 'select2-selUser6-result')]' not found.</msg>
<arg>xpath=//li[contains(@id, 'select2-selUser6-result')]</arg>
<doc>Verifies that the element identified by ``locator`` is visible.</doc>
<status status="FAIL" start="2025-02-25T20:35:58.360850" elapsed="0.189622">Element with locator 'xpath=//li[contains(@id, 'select2-selUser6-result')]' not found.</status>
</kw>
<kw name="Execute Javascript" owner="SeleniumLibrary">
<arg>document.evaluate("//li[contains(@id, 'select2-selUser6-result') and contains(text(),'สิรภัทร')]", document, null, XPathResult.FIRST_ORDERED_NODE_TYPE, null).singleNodeValue.scrollIntoView({behavior: 'smooth', block: 'center'});</arg>
<doc>Executes the given JavaScript code with possible arguments.</doc>
<status status="NOT RUN" start="2025-02-25T20:35:58.551166" elapsed="0.000076"/>
</kw>
<kw name="Sleep" owner="BuiltIn">
<arg>1s</arg>
<doc>Pauses the test executed for the given time.</doc>
<status status="NOT RUN" start="2025-02-25T20:35:58.551689" elapsed="0.000047"/>
</kw>
<kw name="Click Element" owner="SeleniumLibrary">
<arg>xpath=//li[contains(@id, 'select2-selUser6-result') and contains(text(),'สิรภัทร')]</arg>
<doc>Click the element identified by ``locator``.</doc>
<status status="NOT RUN" start="2025-02-25T20:35:58.552131" elapsed="0.000072"/>
</kw>
<kw name="Sleep" owner="BuiltIn">
<arg>1s</arg>
<doc>Pauses the test executed for the given time.</doc>
<status status="NOT RUN" start="2025-02-25T20:35:58.552545" elapsed="0.000064"/>
</kw>
<kw name="Click Element" owner="SeleniumLibrary">
<arg>xpath=//button[@type='submit' and contains(@class, 'btn-primary')]</arg>
<doc>Click the element identified by ``locator``.</doc>
<status status="NOT RUN" start="2025-02-25T20:35:58.552988" elapsed="0.000077"/>
</kw>
<kw name="Wait Until Page Contains" owner="SeleniumLibrary">
<arg>Research group updated successfully</arg>
<arg>timeout=10s</arg>
<doc>Waits until ``text`` appears on the current page.</doc>
<status status="NOT RUN" start="2025-02-25T20:35:58.553377" elapsed="0.000039"/>
</kw>
<doc>เลือก "สิรภัทร" แล้วกด Submit</doc>
<status status="FAIL" start="2025-02-25T20:35:58.359082" elapsed="0.194673">Element with locator 'xpath=//li[contains(@id, 'select2-selUser6-result')]' not found.</status>
</test>
<test id="s1-t11" name="TC011 Logout" line="94">
<kw name="Wait Until Element Is Visible" owner="SeleniumLibrary">
<arg>xpath=//a[contains(text(),'Logout')]</arg>
<arg>timeout=30s</arg>
<doc>Waits until the element ``locator`` is visible.</doc>
<status status="PASS" start="2025-02-25T20:35:58.555294" elapsed="0.021470"/>
</kw>
<kw name="Click Element" owner="SeleniumLibrary">
<msg time="2025-02-25T20:35:58.577583" level="INFO">Clicking element 'xpath=//a[contains(text(),'Logout')]'.</msg>
<arg>xpath=//a[contains(text(),'Logout')]</arg>
<doc>Click the element identified by ``locator``.</doc>
<status status="PASS" start="2025-02-25T20:35:58.577313" elapsed="1.242845"/>
</kw>
<kw name="Wait Until Page Contains" owner="SeleniumLibrary">
<arg>Login</arg>
<arg>timeout=30s</arg>
<doc>Waits until ``text`` appears on the current page.</doc>
<status status="PASS" start="2025-02-25T20:35:59.821503" elapsed="0.052203"/>
</kw>
<kw name="Location Should Be" owner="SeleniumLibrary">
<msg time="2025-02-25T20:35:59.919281" level="INFO">Current location is 'https://sesec2group3.cpkkuhost.com/login'.</msg>
<arg>${URL}/login</arg>
<doc>Verifies that the current URL is exactly ``url``.</doc>
<status status="PASS" start="2025-02-25T20:35:59.875059" elapsed="0.044588"/>
</kw>
<status status="PASS" start="2025-02-25T20:35:58.554807" elapsed="1.365762"/>
</test>
<test id="s1-t12" name="TC012 Login Member" line="100">
<kw name="Input Text" owner="SeleniumLibrary">
<msg time="2025-02-25T20:35:59.925212" level="INFO">Typing text 'Urachart@kku.ac.th' into text field 'name=username'.</msg>
<arg>name=username</arg>
<arg>Urachart@kku.ac.th</arg>
<doc>Types the given ``text`` into the text field identified by ``locator``.</doc>
<status status="PASS" start="2025-02-25T20:35:59.924531" elapsed="0.637228"/>
</kw>
<kw name="Input Text" owner="SeleniumLibrary">
<msg time="2025-02-25T20:36:00.563104" level="INFO">Typing text '123456789' into text field 'name=password'.</msg>
<arg>name=password</arg>
<arg>123456789</arg>
<doc>Types the given ``text`` into the text field identified by ``locator``.</doc>
<status status="PASS" start="2025-02-25T20:36:00.562540" elapsed="0.154191"/>
</kw>
<kw name="Click Button" owner="SeleniumLibrary">
<msg time="2025-02-25T20:36:00.718139" level="INFO">Clicking button 'xpath=//button[@type='submit']'.</msg>
<arg>xpath=//button[@type='submit']</arg>
<doc>Clicks the button identified by ``locator``.</doc>
<status status="PASS" start="2025-02-25T20:36:00.717492" elapsed="1.263883"/>
</kw>
<kw name="Wait Until Page Contains" owner="SeleniumLibrary">
<arg>Dashboard</arg>
<arg>timeout=30s</arg>
<doc>Waits until ``text`` appears on the current page.</doc>
<status status="PASS" start="2025-02-25T20:36:01.982030" elapsed="0.024861"/>
</kw>
<status status="PASS" start="2025-02-25T20:35:59.923427" elapsed="2.084027"/>
</test>
<test id="s1-t13" name="TC013 Research Groups" line="106">
<kw name="Wait Until Page Contains Element" owner="SeleniumLibrary">
<arg>xpath=//a[@class='nav-link']/span[contains(@class,'menu-title') and contains(text(),'Research Group')]</arg>
<arg>timeout=90s</arg>
<doc>Waits until the element ``locator`` appears on the current page.</doc>
<status status="PASS" start="2025-02-25T20:36:02.009075" elapsed="0.009547"/>
</kw>
<kw name="Execute Javascript" owner="SeleniumLibrary">
<msg time="2025-02-25T20:36:02.019889" level="INFO">Executing JavaScript:
window.scrollTo(0, document.body.scrollHeight);
Without any arguments.</msg>
<arg>window.scrollTo(0, document.body.scrollHeight);</arg>
<doc>Executes the given JavaScript code with possible arguments.</doc>
<status status="PASS" start="2025-02-25T20:36:02.019119" elapsed="0.008287"/>
</kw>
<kw name="Scroll Element Into View" owner="SeleniumLibrary">
<arg>xpath=//a[@class='nav-link']/span[contains(@class,'menu-title') and contains(text(),'Research Group')]</arg>
<doc>Scrolls the element identified by ``locator`` into view.</doc>
<status status="PASS" start="2025-02-25T20:36:02.027851" elapsed="0.289887"/>
</kw>
<kw name="Wait Until Element Is Visible" owner="SeleniumLibrary">
<arg>xpath=//a[@class='nav-link']/span[contains(@class,'menu-title') and contains(text(),'Research Group')]</arg>
<arg>timeout=30s</arg>
<doc>Waits until the element ``locator`` is visible.</doc>
<status status="PASS" start="2025-02-25T20:36:02.318286" elapsed="0.021923"/>
</kw>
<kw name="Click Element" owner="SeleniumLibrary">
<msg time="2025-02-25T20:36:02.341135" level="INFO">Clicking element 'xpath=//a[@class='nav-link']/span[contains(@class,'menu-title') and contains(text(),'Research Group')]'.</msg>
<arg>xpath=//a[@class='nav-link']/span[contains(@class,'menu-title') and contains(text(),'Research Group')]</arg>
<doc>Click the element identified by ``locator``.</doc>
<status status="PASS" start="2025-02-25T20:36:02.340783" elapsed="0.516521"/>
</kw>
<kw name="Sleep" owner="BuiltIn">
<msg time="2025-02-25T20:36:04.859094" level="INFO">Slept 2 seconds.</msg>
<arg>2s</arg>
<doc>Pauses the test executed for the given time.</doc>
<status status="PASS" start="2025-02-25T20:36:02.858209" elapsed="2.001093"/>
</kw>
<kw name="Wait Until Page Contains" owner="SeleniumLibrary">
<arg>Research Information Management System</arg>
<arg>timeout=60s</arg>
<doc>Waits until ``text`` appears on the current page.</doc>
<status status="PASS" start="2025-02-25T20:36:04.859808" elapsed="0.009329"/>
</kw>
<status status="PASS" start="2025-02-25T20:36:02.008456" elapsed="2.861061"/>
</test>
<test id="s1-t14" name="TC014 Logout" line="115">
<kw name="Wait Until Element Is Visible" owner="SeleniumLibrary">
<arg>xpath=//a[contains(text(),'Logout')]</arg>
<arg>timeout=30s</arg>
<doc>Waits until the element ``locator`` is visible.</doc>
<status status="PASS" start="2025-02-25T20:36:04.870939" elapsed="0.014408"/>
</kw>
<kw name="Click Element" owner="SeleniumLibrary">
<msg time="2025-02-25T20:36:04.886251" level="INFO">Clicking element 'xpath=//a[contains(text(),'Logout')]'.</msg>
<arg>xpath=//a[contains(text(),'Logout')]</arg>
<doc>Click the element identified by ``locator``.</doc>
<status status="PASS" start="2025-02-25T20:36:04.885877" elapsed="1.326528"/>
</kw>
<kw name="Wait Until Page Contains" owner="SeleniumLibrary">
<arg>Login</arg>
<arg>timeout=30s</arg>
<doc>Waits until ``text`` appears on the current page.</doc>
<status status="PASS" start="2025-02-25T20:36:06.214287" elapsed="0.021780"/>
</kw>
<kw name="Location Should Be" owner="SeleniumLibrary">
<msg time="2025-02-25T20:36:06.244461" level="INFO">Current location is 'https://sesec2group3.cpkkuhost.com/login'.</msg>
<arg>${URL}/login</arg>
<doc>Verifies that the current URL is exactly ``url``.</doc>
<status status="PASS" start="2025-02-25T20:36:06.236669" elapsed="0.007965"/>
</kw>
<status status="PASS" start="2025-02-25T20:36:04.870424" elapsed="1.374778"/>
</test>
<test id="s1-t15" name="TC015 Login Admin" line="121">
<kw name="Input Text" owner="SeleniumLibrary">
<msg time="2025-02-25T20:36:06.247360" level="INFO">Typing text 'Admin@gmail.com' into text field 'name=username'.</msg>
<arg>name=username</arg>
<arg>Admin@gmail.com</arg>
<doc>Types the given ``text`` into the text field identified by ``locator``.</doc>
<status status="PASS" start="2025-02-25T20:36:06.246960" elapsed="0.164522"/>
</kw>
<kw name="Input Text" owner="SeleniumLibrary">
<msg time="2025-02-25T20:36:06.412728" level="INFO">Typing text '12345678' into text field 'name=password'.</msg>
<arg>name=password</arg>
<arg>12345678</arg>
<doc>Types the given ``text`` into the text field identified by ``locator``.</doc>
<status status="PASS" start="2025-02-25T20:36:06.412160" elapsed="0.126792"/>
</kw>
<kw name="Click Button" owner="SeleniumLibrary">
<msg time="2025-02-25T20:36:06.539922" level="INFO">Clicking button 'xpath=//button[@type='submit']'.</msg>
<arg>xpath=//button[@type='submit']</arg>
<doc>Clicks the button identified by ``locator``.</doc>
<status status="PASS" start="2025-02-25T20:36:06.539483" elapsed="1.189204"/>
</kw>
<kw name="Wait Until Page Contains" owner="SeleniumLibrary">
<arg>Dashboard</arg>
<arg>timeout=30s</arg>
<doc>Waits until ``text`` appears on the current page.</doc>
<status status="PASS" start="2025-02-25T20:36:07.729298" elapsed="0.011060"/>
</kw>
<status status="PASS" start="2025-02-25T20:36:06.246301" elapsed="1.494456"/>
</test>
<test id="s1-t16" name="TC016 Research Groups" line="127">
<kw name="Wait Until Page Contains Element" owner="SeleniumLibrary">
<arg>xpath=//a[@class='nav-link']/span[contains(@class,'menu-title') and contains(text(),'Research Group')]</arg>
<arg>timeout=90s</arg>
<doc>Waits until the element ``locator`` appears on the current page.</doc>
<status status="PASS" start="2025-02-25T20:36:07.742253" elapsed="0.013516"/>
</kw>
<kw name="Execute Javascript" owner="SeleniumLibrary">
<msg time="2025-02-25T20:36:07.756771" level="INFO">Executing JavaScript:
window.scrollTo(0, document.body.scrollHeight);
Without any arguments.</msg>
<arg>window.scrollTo(0, document.body.scrollHeight);</arg>
<doc>Executes the given JavaScript code with possible arguments.</doc>
<status status="PASS" start="2025-02-25T20:36:07.756169" elapsed="0.006678"/>
</kw>
<kw name="Scroll Element Into View" owner="SeleniumLibrary">
<arg>xpath=//a[@class='nav-link']/span[contains(@class,'menu-title') and contains(text(),'Research Group')]</arg>
<doc>Scrolls the element identified by ``locator`` into view.</doc>
<status status="PASS" start="2025-02-25T20:36:07.763254" elapsed="0.291755"/>
</kw>
<kw name="Wait Until Element Is Visible" owner="SeleniumLibrary">
<arg>xpath=//a[@class='nav-link']/span[contains(@class,'menu-title') and contains(text(),'Research Group')]</arg>
<arg>timeout=30s</arg>
<doc>Waits until the element ``locator`` is visible.</doc>
<status status="PASS" start="2025-02-25T20:36:08.055493" elapsed="0.020634"/>
</kw>
<kw name="Click Element" owner="SeleniumLibrary">
<msg time="2025-02-25T20:36:08.076875" level="INFO">Clicking element 'xpath=//a[@class='nav-link']/span[contains(@class,'menu-title') and contains(text(),'Research Group')]'.</msg>
<arg>xpath=//a[@class='nav-link']/span[contains(@class,'menu-title') and contains(text(),'Research Group')]</arg>
<doc>Click the element identified by ``locator``.</doc>
<status status="PASS" start="2025-02-25T20:36:08.076607" elapsed="0.605368"/>
</kw>
<kw name="Sleep" owner="BuiltIn">
<msg time="2025-02-25T20:36:10.683659" level="INFO">Slept 2 seconds.</msg>
<arg>2s</arg>
<doc>Pauses the test executed for the given time.</doc>
<status status="PASS" start="2025-02-25T20:36:08.682762" elapsed="2.001034"/>
</kw>
<kw name="Wait Until Page Contains" owner="SeleniumLibrary">
<arg>Research Information Management System</arg>
<arg>timeout=60s</arg>
<doc>Waits until ``text`` appears on the current page.</doc>
<status status="PASS" start="2025-02-25T20:36:10.684151" elapsed="0.007091"/>
</kw>
<status status="PASS" start="2025-02-25T20:36:07.741670" elapsed="2.949820"/>
</test>
<test id="s1-t17" name="TC017 Edit Research Group" line="136">
<kw name="Wait Until Element Is Visible" owner="SeleniumLibrary">
<arg>xpath=//a[@href='https://sesec2group3.cpkkuhost.com/researchGroups/10/edit' and contains(@class,'btn-outline-success') and @title='Edit']</arg>
<arg>timeout=60s</arg>
<doc>Waits until the element ``locator`` is visible.</doc>
<status status="PASS" start="2025-02-25T20:36:10.692607" elapsed="0.012835"/>
</kw>
<kw name="Scroll Element Into View" owner="SeleniumLibrary">
<arg>xpath=//a[@href='https://sesec2group3.cpkkuhost.com/researchGroups/10/edit' and contains(@class,'btn-outline-success') and @title='Edit']</arg>
<doc>Scrolls the element identified by ``locator`` into view.</doc>
<status status="PASS" start="2025-02-25T20:36:10.705818" elapsed="0.293619"/>
</kw>
<kw name="Click Element" owner="SeleniumLibrary">
<msg time="2025-02-25T20:36:10.999977" level="INFO">Clicking element 'xpath=//a[@href='https://sesec2group3.cpkkuhost.com/researchGroups/10/edit' and contains(@class,'btn-outline-success') and @title='Edit']'.</msg>
<arg>xpath=//a[@href='https://sesec2group3.cpkkuhost.com/researchGroups/10/edit' and contains(@class,'btn-outline-success') and @title='Edit']</arg>
<doc>Click the element identified by ``locator``.</doc>
<status status="PASS" start="2025-02-25T20:36:10.999786" elapsed="1.171909"/>
</kw>
<kw name="Sleep" owner="BuiltIn">
<msg time="2025-02-25T20:36:14.172753" level="INFO">Slept 2 seconds.</msg>
<arg>2s</arg>
<doc>Pauses the test executed for the given time.</doc>
<status status="PASS" start="2025-02-25T20:36:12.172040" elapsed="2.000858"/>
</kw>
<kw name="Wait Until Page Contains" owner="SeleniumLibrary">
<arg>แก้ไขข้อมูลกลุ่มวิจัย</arg>
<arg>timeout=60s</arg>
<doc>Waits until ``text`` appears on the current page.</doc>
<status status="PASS" start="2025-02-25T20:36:14.173274" elapsed="0.011669"/>
</kw>
<status status="PASS" start="2025-02-25T20:36:10.692186" elapsed="3.493052"/>
</test>
<status status="FAIL" start="2025-02-25T20:34:51.212360" elapsed="82.977440"/>
</suite>
<statistics>
<total>
<stat pass="15" fail="2" skip="0">All Tests</stat>
</total>
<tag>
</tag>
<suite>
<stat pass="15" fail="2" skip="0" id="s1" name="testRobotSprint2">testRobotSprint2</stat>
</suite>
</statistics>
<errors>
</errors>
</robot>
