<?xml version="1.0" encoding="UTF-8"?>
<robot generator="Robot 7.1.1 (Python 3.13.1 on win32)" generated="2025-02-25T18:25:10.705332" rpa="false" schemaversion="5">
<suite id="s1" name="testRobotSprint2" source="D:\sprint1\git-group-repository-group-3-sec-2-v-2\Test\testRobotSprint2.robot">
<test id="s1-t1" name="TC001 Open Event Registration Page" line="10">
<kw name="Open Browser" owner="SeleniumLibrary">
<msg time="2025-02-25T18:25:11.334313" level="INFO">Opening browser 'Chrome' to base url 'https://sesec2group3.cpkkuhost.com'.</msg>
<arg>${URL}</arg>
<arg>${BROWSER}</arg>
<doc>Opens a new browser instance to the optional ``url``.</doc>
<status status="PASS" start="2025-02-25T18:25:11.333642" elapsed="8.239094"/>
</kw>
<kw name="Maximize Browser Window" owner="SeleniumLibrary">
<doc>Maximizes current browser window.</doc>
<status status="PASS" start="2025-02-25T18:25:19.573781" elapsed="0.101722"/>
</kw>
<kw name="Wait Until Page Contains" owner="SeleniumLibrary">
<arg>ระบบข้อมูลงานวิจัย วิทยาลัยการคอมพิวเตอร์</arg>
<arg>timeout=30s</arg>
<doc>Waits until ``text`` appears on the current page.</doc>
<status status="PASS" start="2025-02-25T18:25:19.676010" elapsed="0.047756"/>
</kw>
<kw name="Page Should Contain" owner="SeleniumLibrary">
<msg time="2025-02-25T18:25:19.744616" level="INFO">Current page contains text 'ระบบข้อมูลงานวิจัย วิทยาลัยการคอมพิวเตอร์'.</msg>
<arg>ระบบข้อมูลงานวิจัย วิทยาลัยการคอมพิวเตอร์</arg>
<doc>Verifies that current page contains ``text``.</doc>
<status status="PASS" start="2025-02-25T18:25:19.724239" elapsed="0.020565"/>
</kw>
<status status="PASS" start="2025-02-25T18:25:11.331694" elapsed="8.413638"/>
</test>
<test id="s1-t2" name="TC002 Researcher Group Navigation" line="16">
<kw name="Wait Until Element Is Visible" owner="SeleniumLibrary">
<arg>xpath=//a[contains(text(),'Research Group')]</arg>
<arg>timeout=30s</arg>
<doc>Waits until the element ``locator`` is visible.</doc>
<status status="PASS" start="2025-02-25T18:25:19.748118" elapsed="0.066322"/>
</kw>
<kw name="Click Element" owner="SeleniumLibrary">
<msg time="2025-02-25T18:25:19.815516" level="INFO">Clicking element 'xpath=//a[contains(text(),'Research Group')]'.</msg>
<arg>xpath=//a[contains(text(),'Research Group')]</arg>
<doc>Click the element identified by ``locator``.</doc>
<status status="PASS" start="2025-02-25T18:25:19.815143" elapsed="1.104867"/>
</kw>
<kw name="Wait Until Page Contains" owner="SeleniumLibrary">
<arg>Research Group</arg>
<arg>timeout=30s</arg>
<doc>Waits until ``text`` appears on the current page.</doc>
<status status="PASS" start="2025-02-25T18:25:20.920470" elapsed="0.015244"/>
</kw>
<status status="PASS" start="2025-02-25T18:25:19.746749" elapsed="1.189432"/>
</test>
<test id="s1-t3" name="TC003 View Research Group Details" line="21">
<kw name="Wait Until Element Is Visible" owner="SeleniumLibrary">
<arg>xpath=//div[@class='overlay']//h5[text()='Applied Intelligence and Data Analytics (AIDA)']</arg>
<arg>timeout=60s</arg>
<doc>Waits until the element ``locator`` is visible.</doc>
<status status="PASS" start="2025-02-25T18:25:20.937958" elapsed="0.051761"/>
</kw>
<kw name="Click Element" owner="SeleniumLibrary">
<msg time="2025-02-25T18:25:20.990777" level="INFO">Clicking element 'xpath=//div[@class='overlay']//h5[text()='Applied Intelligence and Data Analytics (AIDA)']'.</msg>
<arg>xpath=//div[@class='overlay']//h5[text()='Applied Intelligence and Data Analytics (AIDA)']</arg>
<doc>Click the element identified by ``locator``.</doc>
<status status="PASS" start="2025-02-25T18:25:20.990429" elapsed="1.370524"/>
</kw>
<kw name="Sleep" owner="BuiltIn">
<msg time="2025-02-25T18:25:24.361779" level="INFO">Slept 2 seconds.</msg>
<arg>2s</arg>
<doc>Pauses the test executed for the given time.</doc>
<status status="PASS" start="2025-02-25T18:25:22.361348" elapsed="2.000568"/>
</kw>
<kw name="Wait Until Page Contains" owner="SeleniumLibrary">
<arg>AIDA</arg>
<arg>timeout=60s</arg>
<doc>Waits until ``text`` appears on the current page.</doc>
<status status="PASS" start="2025-02-25T18:25:24.362267" elapsed="0.010404"/>
</kw>
<status status="PASS" start="2025-02-25T18:25:20.937340" elapsed="3.435673"/>
</test>
<test id="s1-t4" name="TC004 Login Button" line="27">
<kw name="Wait Until Element Is Visible" owner="SeleniumLibrary">
<arg>xpath=//a[contains(@class,'btn-solid-sm') and text()='Login']</arg>
<arg>timeout=30s</arg>
<doc>Waits until the element ``locator`` is visible.</doc>
<status status="PASS" start="2025-02-25T18:25:24.374261" elapsed="0.028134"/>
</kw>
<kw name="Scroll Element Into View" owner="SeleniumLibrary">
<arg>xpath=//a[contains(@class,'btn-solid-sm') and text()='Login']</arg>
<doc>Scrolls the element identified by ``locator`` into view.</doc>
<status status="PASS" start="2025-02-25T18:25:24.403051" elapsed="0.290218"/>
</kw>
<kw name="Click Element" owner="SeleniumLibrary">
<msg time="2025-02-25T18:25:24.693791" level="INFO">Clicking element 'xpath=//a[contains(@class,'btn-solid-sm') and text()='Login']'.</msg>
<arg>xpath=//a[contains(@class,'btn-solid-sm') and text()='Login']</arg>
<doc>Click the element identified by ``locator``.</doc>
<status status="PASS" start="2025-02-25T18:25:24.693591" elapsed="0.115673"/>
</kw>
<kw name="Sleep" owner="BuiltIn">
<msg time="2025-02-25T18:25:26.810419" level="INFO">Slept 2 seconds.</msg>
<arg>2s</arg>
<doc>Pauses the test executed for the given time.</doc>
<status status="PASS" start="2025-02-25T18:25:24.809716" elapsed="2.000858"/>
</kw>
<kw name="Switch Window" owner="SeleniumLibrary">
<arg>NEW</arg>
<doc>Switches to browser window matching ``locator``.</doc>
<status status="PASS" start="2025-02-25T18:25:26.811005" elapsed="0.008065"/>
</kw>
<kw name="Wait Until Element Is Visible" owner="SeleniumLibrary">
<arg>name=username</arg>
<arg>timeout=30s</arg>
<doc>Waits until the element ``locator`` is visible.</doc>
<status status="PASS" start="2025-02-25T18:25:26.819408" elapsed="0.027847"/>
</kw>
<status status="PASS" start="2025-02-25T18:25:24.373823" elapsed="2.473847"/>
</test>
<test id="s1-t5" name="TC005 Login System" line="35">
<kw name="Input Text" owner="SeleniumLibrary">
<msg time="2025-02-25T18:25:26.849449" level="INFO">Typing text 'ngamnij@kku.ac.th' into text field 'name=username'.</msg>
<arg>name=username</arg>
<arg>ngamnij@kku.ac.th</arg>
<doc>Types the given ``text`` into the text field identified by ``locator``.</doc>
<status status="PASS" start="2025-02-25T18:25:26.849108" elapsed="0.173587"/>
</kw>
<kw name="Input Text" owner="SeleniumLibrary">
<msg time="2025-02-25T18:25:27.023489" level="INFO">Typing text '123456789' into text field 'name=password'.</msg>
<arg>name=password</arg>
<arg>123456789</arg>
<doc>Types the given ``text`` into the text field identified by ``locator``.</doc>
<status status="PASS" start="2025-02-25T18:25:27.023154" elapsed="0.088134"/>
</kw>
<kw name="Click Button" owner="SeleniumLibrary">
<msg time="2025-02-25T18:25:27.112082" level="INFO">Clicking button 'xpath=//button[@type='submit']'.</msg>
<arg>xpath=//button[@type='submit']</arg>
<doc>Clicks the button identified by ``locator``.</doc>
<status status="PASS" start="2025-02-25T18:25:27.111781" elapsed="3.563946"/>
</kw>
<kw name="Wait Until Page Contains" owner="SeleniumLibrary">
<arg>Dashboard</arg>
<arg>timeout=30s</arg>
<doc>Waits until ``text`` appears on the current page.</doc>
<status status="PASS" start="2025-02-25T18:25:30.676422" elapsed="0.022774"/>
</kw>
<status status="PASS" start="2025-02-25T18:25:26.848583" elapsed="3.851505"/>
</test>
<test id="s1-t6" name="TC006 Research Groups" line="41">
<kw name="Wait Until Page Contains Element" owner="SeleniumLibrary">
<arg>xpath=//a[@class='nav-link']/span[contains(@class,'menu-title') and contains(text(),'Research Group')]</arg>
<arg>timeout=90s</arg>
<doc>Waits until the element ``locator`` appears on the current page.</doc>
<status status="PASS" start="2025-02-25T18:25:30.702688" elapsed="0.018762"/>
</kw>
<kw name="Execute Javascript" owner="SeleniumLibrary">
<msg time="2025-02-25T18:25:30.723370" level="INFO">Executing JavaScript:
window.scrollTo(0, document.body.scrollHeight);
Without any arguments.</msg>
<arg>window.scrollTo(0, document.body.scrollHeight);</arg>
<doc>Executes the given JavaScript code with possible arguments.</doc>
<status status="PASS" start="2025-02-25T18:25:30.722598" elapsed="0.014737"/>
</kw>
<kw name="Scroll Element Into View" owner="SeleniumLibrary">
<arg>xpath=//a[@class='nav-link']/span[contains(@class,'menu-title') and contains(text(),'Research Group')]</arg>
<doc>Scrolls the element identified by ``locator`` into view.</doc>
<status status="PASS" start="2025-02-25T18:25:30.738186" elapsed="0.308615"/>
</kw>
<kw name="Wait Until Element Is Visible" owner="SeleniumLibrary">
<arg>xpath=//a[@class='nav-link']/span[contains(@class,'menu-title') and contains(text(),'Research Group')]</arg>
<arg>timeout=30s</arg>
<doc>Waits until the element ``locator`` is visible.</doc>
<status status="PASS" start="2025-02-25T18:25:31.047784" elapsed="0.049105"/>
</kw>
<kw name="Click Element" owner="SeleniumLibrary">
<msg time="2025-02-25T18:25:31.098299" level="INFO">Clicking element 'xpath=//a[@class='nav-link']/span[contains(@class,'menu-title') and contains(text(),'Research Group')]'.</msg>
<arg>xpath=//a[@class='nav-link']/span[contains(@class,'menu-title') and contains(text(),'Research Group')]</arg>
<doc>Click the element identified by ``locator``.</doc>
<status status="PASS" start="2025-02-25T18:25:31.097858" elapsed="0.843058"/>
</kw>
<kw name="Sleep" owner="BuiltIn">
<msg time="2025-02-25T18:25:33.942144" level="INFO">Slept 2 seconds.</msg>
<arg>2s</arg>
<doc>Pauses the test executed for the given time.</doc>
<status status="PASS" start="2025-02-25T18:25:31.941645" elapsed="2.000629"/>
</kw>
<kw name="Wait Until Page Contains" owner="SeleniumLibrary">
<arg>Research Information Management System</arg>
<arg>timeout=60s</arg>
<doc>Waits until ``text`` appears on the current page.</doc>
<status status="PASS" start="2025-02-25T18:25:33.942628" elapsed="0.010355"/>
</kw>
<status status="PASS" start="2025-02-25T18:25:30.701858" elapsed="3.251490"/>
</test>
<test id="s1-t7" name="TC007 Edit Research Groups" line="50">
<kw name="Wait Until Element Is Visible" owner="SeleniumLibrary">
<arg>xpath=//a[@href='https://sesec2group3.cpkkuhost.com/researchGroups/10/edit' and contains(@class,'btn-outline-success') and @title='Edit']</arg>
<arg>timeout=60s</arg>
<doc>Waits until the element ``locator`` is visible.</doc>
<status status="PASS" start="2025-02-25T18:25:33.954223" elapsed="0.012004"/>
</kw>
<kw name="Scroll Element Into View" owner="SeleniumLibrary">
<arg>xpath=//a[@href='https://sesec2group3.cpkkuhost.com/researchGroups/10/edit' and contains(@class,'btn-outline-success') and @title='Edit']</arg>
<doc>Scrolls the element identified by ``locator`` into view.</doc>
<status status="PASS" start="2025-02-25T18:25:33.966551" elapsed="0.286261"/>
</kw>
<kw name="Click Element" owner="SeleniumLibrary">
<msg time="2025-02-25T18:25:34.254108" level="INFO">Clicking element 'xpath=//a[@href='https://sesec2group3.cpkkuhost.com/researchGroups/10/edit' and contains(@class,'btn-outline-success') and @title='Edit']'.</msg>
<arg>xpath=//a[@href='https://sesec2group3.cpkkuhost.com/researchGroups/10/edit' and contains(@class,'btn-outline-success') and @title='Edit']</arg>
<doc>Click the element identified by ``locator``.</doc>
<status status="PASS" start="2025-02-25T18:25:34.253592" elapsed="1.513751"/>
</kw>
<kw name="Sleep" owner="BuiltIn">
<msg time="2025-02-25T18:25:37.768788" level="INFO">Slept 2 seconds.</msg>
<arg>2s</arg>
<doc>Pauses the test executed for the given time.</doc>
<status status="PASS" start="2025-02-25T18:25:35.767925" elapsed="2.001011"/>
</kw>
<kw name="Wait Until Page Contains" owner="SeleniumLibrary">
<arg>แก้ไขข้อมูลกลุ่มวิจัย</arg>
<arg>timeout=60s</arg>
<doc>Waits until ``text`` appears on the current page.</doc>
<status status="PASS" start="2025-02-25T18:25:37.769831" elapsed="0.011307"/>
</kw>
<status status="PASS" start="2025-02-25T18:25:33.953889" elapsed="3.827515"/>
</test>
<test id="s1-t8" name="TC008 Add Member" line="57">
<kw name="Wait Until Element Is Visible" owner="SeleniumLibrary">
<arg>xpath=//button[@id='add-btn2']</arg>
<arg>timeout=30s</arg>
<doc>Waits until the element ``locator`` is visible.</doc>
<status status="PASS" start="2025-02-25T18:25:37.782348" elapsed="0.014830"/>
</kw>
<kw name="Scroll Element Into View" owner="SeleniumLibrary">
<arg>xpath=//button[@id='add-btn2']</arg>
<doc>Scrolls the element identified by ``locator`` into view.</doc>
<status status="PASS" start="2025-02-25T18:25:37.797549" elapsed="0.283301"/>
</kw>
<kw name="Execute Javascript" owner="SeleniumLibrary">
<msg time="2025-02-25T18:25:38.081684" level="INFO">Executing JavaScript:
document.getElementById('add-btn2').click();
Without any arguments.</msg>
<arg>document.getElementById('add-btn2').click();</arg>
<doc>Executes the given JavaScript code with possible arguments.</doc>
<status status="PASS" start="2025-02-25T18:25:38.081257" elapsed="0.011627"/>
</kw>
<kw name="Sleep" owner="BuiltIn">
<msg time="2025-02-25T18:25:40.093856" level="INFO">Slept 2 seconds.</msg>
<arg>2s</arg>
<doc>Pauses the test executed for the given time.</doc>
<status status="PASS" start="2025-02-25T18:25:38.093261" elapsed="2.000751"/>
</kw>
<kw name="Wait Until Element Is Visible" owner="SeleniumLibrary">
<arg>xpath=//select[@id='selUser6']</arg>
<arg>timeout=10s</arg>
<doc>Waits until the element ``locator`` is visible.</doc>
<status status="PASS" start="2025-02-25T18:25:40.094434" elapsed="0.014177"/>
</kw>
<status status="PASS" start="2025-02-25T18:25:37.781997" elapsed="2.326890"/>
</test>
<status status="PASS" start="2025-02-25T18:25:10.707420" elapsed="29.402257"/>
</suite>
<statistics>
<total>
<stat pass="8" fail="0" skip="0">All Tests</stat>
</total>
<tag>
</tag>
<suite>
<stat pass="8" fail="0" skip="0" id="s1" name="testRobotSprint2">testRobotSprint2</stat>
</suite>
</statistics>
<errors>
</errors>
</robot>
