<?xml version="1.0" encoding="UTF-8"?>
<robot generator="Robot 7.1.1 (Python 3.13.1 on win32)" generated="2025-02-26T13:45:38.992545" rpa="false" schemaversion="5">
<suite id="s1" name="testRobotSprint2" source="D:\sprint1\git-group-repository-group-3-sec-2-v-2\Test\testRobotSprint2.robot">
<test id="s1-t1" name="TC001 Open Event Registration Page" line="48">
<kw name="Open Browser" owner="SeleniumLibrary">
<msg time="2025-02-26T13:45:40.130503" level="INFO">Opening browser 'Chrome' to base url 'https://sesec2group3.cpkkuhost.com'.</msg>
<arg>${URL}</arg>
<arg>${BROWSER}</arg>
<arg>options=add_argument("--force-device-scale-factor=0.9")</arg>
<doc>Opens a new browser instance to the optional ``url``.</doc>
<status status="PASS" start="2025-02-26T13:45:40.103537" elapsed="21.997443"/>
</kw>
<kw name="Maximize Browser Window" owner="SeleniumLibrary">
<doc>Maximizes current browser window.</doc>
<status status="PASS" start="2025-02-26T13:46:02.103308" elapsed="0.081506"/>
</kw>
<kw name="Wait Until Page Contains" owner="SeleniumLibrary">
<arg>ระบบข้อมูลงานวิจัย วิทยาลัยการคอมพิวเตอร์</arg>
<arg>timeout=30s</arg>
<doc>Waits until ``text`` appears on the current page.</doc>
<status status="PASS" start="2025-02-26T13:46:02.187736" elapsed="0.063007"/>
</kw>
<kw name="Page Should Contain" owner="SeleniumLibrary">
<msg time="2025-02-26T13:46:02.266426" level="INFO">Current page contains text 'ระบบข้อมูลงานวิจัย วิทยาลัยการคอมพิวเตอร์'.</msg>
<arg>ระบบข้อมูลงานวิจัย วิทยาลัยการคอมพิวเตอร์</arg>
<doc>Verifies that current page contains ``text``.</doc>
<status status="PASS" start="2025-02-26T13:46:02.251311" elapsed="0.015367"/>
</kw>
<status status="PASS" start="2025-02-26T13:45:40.092617" elapsed="22.174510"/>
</test>
<test id="s1-t2" name="TC002 Researcher Group Navigation" line="54">
<kw name="Wait Until Element Is Visible" owner="SeleniumLibrary">
<arg>xpath=//a[contains(text(),'Research Group')]</arg>
<arg>timeout=30s</arg>
<doc>Waits until the element ``locator`` is visible.</doc>
<status status="PASS" start="2025-02-26T13:46:02.269829" elapsed="0.050644"/>
</kw>
<kw name="Click Element" owner="SeleniumLibrary">
<msg time="2025-02-26T13:46:02.321241" level="INFO">Clicking element 'xpath=//a[contains(text(),'Research Group')]'.</msg>
<arg>xpath=//a[contains(text(),'Research Group')]</arg>
<doc>Click the element identified by ``locator``.</doc>
<status status="PASS" start="2025-02-26T13:46:02.320973" elapsed="3.933271"/>
</kw>
<kw name="Wait Until Page Contains" owner="SeleniumLibrary">
<arg>Research Group</arg>
<arg>timeout=30s</arg>
<doc>Waits until ``text`` appears on the current page.</doc>
<status status="PASS" start="2025-02-26T13:46:06.254796" elapsed="0.018165"/>
</kw>
<status status="PASS" start="2025-02-26T13:46:02.269114" elapsed="4.004304"/>
</test>
<test id="s1-t3" name="TC003 View Research Group Details" line="59">
<kw name="Wait Until Element Is Visible" owner="SeleniumLibrary">
<arg>xpath=//div[@class='overlay']//h5[text()='Applied Intelligence and Data Analytics (AIDA)']</arg>
<arg>timeout=60s</arg>
<doc>Waits until the element ``locator`` is visible.</doc>
<status status="PASS" start="2025-02-26T13:46:06.275485" elapsed="0.031695"/>
</kw>
<kw name="Click Element" owner="SeleniumLibrary">
<msg time="2025-02-26T13:46:06.308193" level="INFO">Clicking element 'xpath=//div[@class='overlay']//h5[text()='Applied Intelligence and Data Analytics (AIDA)']'.</msg>
<arg>xpath=//div[@class='overlay']//h5[text()='Applied Intelligence and Data Analytics (AIDA)']</arg>
<doc>Click the element identified by ``locator``.</doc>
<status status="PASS" start="2025-02-26T13:46:06.307907" elapsed="5.722860"/>
</kw>
<kw name="Sleep" owner="BuiltIn">
<msg time="2025-02-26T13:46:14.031769" level="INFO">Slept 2 seconds.</msg>
<arg>2s</arg>
<doc>Pauses the test executed for the given time.</doc>
<status status="PASS" start="2025-02-26T13:46:12.031313" elapsed="2.000687"/>
</kw>
<kw name="Wait Until Page Contains" owner="SeleniumLibrary">
<arg>AIDA</arg>
<arg>timeout=60s</arg>
<doc>Waits until ``text`` appears on the current page.</doc>
<status status="PASS" start="2025-02-26T13:46:14.032553" elapsed="0.016130"/>
</kw>
<status status="PASS" start="2025-02-26T13:46:06.274851" elapsed="7.774305"/>
</test>
<test id="s1-t4" name="TC004 Login Button" line="65">
<kw name="Wait Until Element Is Visible" owner="SeleniumLibrary">
<arg>xpath=//a[contains(@class,'btn-solid-sm') and text()='Login']</arg>
<arg>timeout=30s</arg>
<doc>Waits until the element ``locator`` is visible.</doc>
<status status="PASS" start="2025-02-26T13:46:14.050715" elapsed="0.022413"/>
</kw>
<kw name="Scroll Element Into View" owner="SeleniumLibrary">
<arg>xpath=//a[contains(@class,'btn-solid-sm') and text()='Login']</arg>
<doc>Scrolls the element identified by ``locator`` into view.</doc>
<status status="PASS" start="2025-02-26T13:46:14.073604" elapsed="0.305860"/>
</kw>
<kw name="Click Element" owner="SeleniumLibrary">
<msg time="2025-02-26T13:46:14.380111" level="INFO">Clicking element 'xpath=//a[contains(@class,'btn-solid-sm') and text()='Login']'.</msg>
<arg>xpath=//a[contains(@class,'btn-solid-sm') and text()='Login']</arg>
<doc>Click the element identified by ``locator``.</doc>
<status status="PASS" start="2025-02-26T13:46:14.379890" elapsed="0.457058"/>
</kw>
<kw name="Sleep" owner="BuiltIn">
<msg time="2025-02-26T13:46:16.838172" level="INFO">Slept 2 seconds.</msg>
<arg>2s</arg>
<doc>Pauses the test executed for the given time.</doc>
<status status="PASS" start="2025-02-26T13:46:14.837599" elapsed="2.000794"/>
</kw>
<kw name="Switch Window" owner="SeleniumLibrary">
<arg>NEW</arg>
<doc>Switches to browser window matching ``locator``.</doc>
<status status="PASS" start="2025-02-26T13:46:16.838932" elapsed="0.016019"/>
</kw>
<kw name="Wait Until Element Is Visible" owner="SeleniumLibrary">
<arg>name=username</arg>
<arg>timeout=30s</arg>
<doc>Waits until the element ``locator`` is visible.</doc>
<status status="PASS" start="2025-02-26T13:46:16.855560" elapsed="0.036146"/>
</kw>
<status status="PASS" start="2025-02-26T13:46:14.050083" elapsed="2.842236"/>
</test>
<test id="s1-t5" name="TC005 Login Head" line="73">
<kw name="Input Text" owner="SeleniumLibrary">
<msg time="2025-02-26T13:46:16.894139" level="INFO">Typing text 'Ngamnij@kku.ac.th' into text field 'name=username'.</msg>
<arg>name=username</arg>
<arg>Ngamnij@kku.ac.th</arg>
<doc>Types the given ``text`` into the text field identified by ``locator``.</doc>
<status status="PASS" start="2025-02-26T13:46:16.893858" elapsed="0.162119"/>
</kw>
<kw name="Input Text" owner="SeleniumLibrary">
<msg time="2025-02-26T13:46:17.056933" level="INFO">Typing text '123456789' into text field 'name=password'.</msg>
<arg>name=password</arg>
<arg>123456789</arg>
<doc>Types the given ``text`` into the text field identified by ``locator``.</doc>
<status status="PASS" start="2025-02-26T13:46:17.056563" elapsed="0.120854"/>
</kw>
<kw name="Click Button" owner="SeleniumLibrary">
<msg time="2025-02-26T13:46:17.178318" level="INFO">Clicking button 'xpath=//button[@type='submit']'.</msg>
<arg>xpath=//button[@type='submit']</arg>
<doc>Clicks the button identified by ``locator``.</doc>
<status status="PASS" start="2025-02-26T13:46:17.177931" elapsed="23.711257"/>
</kw>
<kw name="Wait Until Page Contains" owner="SeleniumLibrary">
<arg>Dashboard</arg>
<arg>timeout=30s</arg>
<doc>Waits until ``text`` appears on the current page.</doc>
<status status="PASS" start="2025-02-26T13:46:40.889748" elapsed="0.022911"/>
</kw>
<status status="PASS" start="2025-02-26T13:46:16.893322" elapsed="24.023068"/>
</test>
<test id="s1-t6" name="TC006 Research Groups" line="79">
<kw name="Wait Until Page Contains Element" owner="SeleniumLibrary">
<arg>xpath=//a[@class='nav-link']/span[contains(@class,'menu-title') and contains(text(),'Research Group')]</arg>
<arg>timeout=90s</arg>
<doc>Waits until the element ``locator`` appears on the current page.</doc>
<status status="PASS" start="2025-02-26T13:46:40.922206" elapsed="0.023208"/>
</kw>
<kw name="Execute Javascript" owner="SeleniumLibrary">
<msg time="2025-02-26T13:46:40.947647" level="INFO">Executing JavaScript:
window.scrollTo(0, document.body.scrollHeight);
Without any arguments.</msg>
<arg>window.scrollTo(0, document.body.scrollHeight);</arg>
<doc>Executes the given JavaScript code with possible arguments.</doc>
<status status="PASS" start="2025-02-26T13:46:40.946695" elapsed="0.010330"/>
</kw>
<kw name="Scroll Element Into View" owner="SeleniumLibrary">
<arg>xpath=//a[@class='nav-link']/span[contains(@class,'menu-title') and contains(text(),'Research Group')]</arg>
<doc>Scrolls the element identified by ``locator`` into view.</doc>
<status status="PASS" start="2025-02-26T13:46:40.957774" elapsed="0.308434"/>
</kw>
<kw name="Wait Until Element Is Visible" owner="SeleniumLibrary">
<arg>xpath=//a[@class='nav-link']/span[contains(@class,'menu-title') and contains(text(),'Research Group')]</arg>
<arg>timeout=30s</arg>
<doc>Waits until the element ``locator`` is visible.</doc>
<status status="PASS" start="2025-02-26T13:46:41.266746" elapsed="0.020523"/>
</kw>
<kw name="Click Element" owner="SeleniumLibrary">
<msg time="2025-02-26T13:46:41.288192" level="INFO">Clicking element 'xpath=//a[@class='nav-link']/span[contains(@class,'menu-title') and contains(text(),'Research Group')]'.</msg>
<arg>xpath=//a[@class='nav-link']/span[contains(@class,'menu-title') and contains(text(),'Research Group')]</arg>
<doc>Click the element identified by ``locator``.</doc>
<status status="PASS" start="2025-02-26T13:46:41.287749" elapsed="1.917945"/>
</kw>
<kw name="Sleep" owner="BuiltIn">
<msg time="2025-02-26T13:46:45.207104" level="INFO">Slept 2 seconds.</msg>
<arg>2s</arg>
<doc>Pauses the test executed for the given time.</doc>
<status status="PASS" start="2025-02-26T13:46:43.206489" elapsed="2.000898"/>
</kw>
<kw name="Wait Until Page Contains" owner="SeleniumLibrary">
<arg>Research Information Management System</arg>
<arg>timeout=60s</arg>
<doc>Waits until ``text`` appears on the current page.</doc>
<status status="PASS" start="2025-02-26T13:46:45.209056" elapsed="0.022371"/>
</kw>
<status status="PASS" start="2025-02-26T13:46:40.921037" elapsed="4.311041"/>
</test>
<test id="s1-t7" name="TC007 Edit Research Groups1" line="88">
<kw name="Wait Until Element Is Visible" owner="SeleniumLibrary">
<arg>xpath=//a[@href='https://sesec2group3.cpkkuhost.com/researchGroups/22/edit' and contains(@class,'btn-outline-success') and @title='Edit']</arg>
<arg>timeout=60s</arg>
<doc>Waits until the element ``locator`` is visible.</doc>
<status status="PASS" start="2025-02-26T13:46:45.233843" elapsed="0.033695"/>
</kw>
<kw name="Scroll Element Into View" owner="SeleniumLibrary">
<arg>xpath=//a[@href='https://sesec2group3.cpkkuhost.com/researchGroups/22/edit' and contains(@class,'btn-outline-success') and @title='Edit']</arg>
<doc>Scrolls the element identified by ``locator`` into view.</doc>
<status status="PASS" start="2025-02-26T13:46:45.268382" elapsed="0.290827"/>
</kw>
<kw name="Click Element" owner="SeleniumLibrary">
<msg time="2025-02-26T13:46:45.560259" level="INFO">Clicking element 'xpath=//a[@href='https://sesec2group3.cpkkuhost.com/researchGroups/22/edit' and contains(@class,'btn-outline-success') and @title='Edit']'.</msg>
<arg>xpath=//a[@href='https://sesec2group3.cpkkuhost.com/researchGroups/22/edit' and contains(@class,'btn-outline-success') and @title='Edit']</arg>
<doc>Click the element identified by ``locator``.</doc>
<status status="PASS" start="2025-02-26T13:46:45.559890" elapsed="1.459131"/>
</kw>
<kw name="Sleep" owner="BuiltIn">
<msg time="2025-02-26T13:46:49.020274" level="INFO">Slept 2 seconds.</msg>
<arg>2s</arg>
<doc>Pauses the test executed for the given time.</doc>
<status status="PASS" start="2025-02-26T13:46:47.019640" elapsed="2.000873"/>
</kw>
<kw name="Wait Until Page Contains" owner="SeleniumLibrary">
<arg>แก้ไขข้อมูลกลุ่มวิจัย</arg>
<arg>timeout=60s</arg>
<doc>Waits until ``text`` appears on the current page.</doc>
<status status="PASS" start="2025-02-26T13:46:49.021162" elapsed="0.026204"/>
</kw>
<status status="PASS" start="2025-02-26T13:46:45.233115" elapsed="3.814770"/>
</test>
<test id="s1-t8" name="TC008 Add Member" line="95">
<kw name="Wait Until Element Is Visible" owner="SeleniumLibrary">
<arg>xpath=//button[@id='add-btn2']</arg>
<arg>timeout=60s</arg>
<doc>Waits until the element ``locator`` is visible.</doc>
<status status="PASS" start="2025-02-26T13:46:49.049472" elapsed="0.025186"/>
</kw>
<kw name="Scroll Element Into View" owner="SeleniumLibrary">
<arg>xpath=//button[@id='add-btn2']</arg>
<doc>Scrolls the element identified by ``locator`` into view.</doc>
<status status="PASS" start="2025-02-26T13:46:49.075135" elapsed="0.296784"/>
</kw>
<kw name="Execute Javascript" owner="SeleniumLibrary">
<msg time="2025-02-26T13:46:49.372872" level="INFO">Executing JavaScript:
document.getElementById('add-btn2').click();
Without any arguments.</msg>
<arg>document.getElementById('add-btn2').click();</arg>
<doc>Executes the given JavaScript code with possible arguments.</doc>
<status status="PASS" start="2025-02-26T13:46:49.372376" elapsed="0.158988"/>
</kw>
<kw name="Sleep" owner="BuiltIn">
<msg time="2025-02-26T13:46:51.532739" level="INFO">Slept 2 seconds.</msg>
<arg>2s</arg>
<doc>Pauses the test executed for the given time.</doc>
<status status="PASS" start="2025-02-26T13:46:49.531818" elapsed="2.001186"/>
</kw>
<kw name="Wait Until Element Is Visible" owner="SeleniumLibrary">
<arg>xpath=//span[@id='select2-selUser5-container']</arg>
<arg>timeout=60s</arg>
<doc>Waits until the element ``locator`` is visible.</doc>
<status status="PASS" start="2025-02-26T13:46:51.533752" elapsed="0.023259"/>
</kw>
<status status="PASS" start="2025-02-26T13:46:49.048969" elapsed="2.508460"/>
</test>
<test id="s1-t9" name="TC009 DropDown" line="102">
<kw name="Select User from DropDown1">
<kw name="Wait Until Element Is Visible" owner="SeleniumLibrary">
<arg>xpath=//span[@id='select2-selUser6-container']</arg>
<arg>timeout=10s</arg>
<doc>Waits until the element ``locator`` is visible.</doc>
<status status="PASS" start="2025-02-26T13:46:51.652151" elapsed="0.075932"/>
</kw>
<kw name="Click Element" owner="SeleniumLibrary">
<msg time="2025-02-26T13:46:51.728853" level="INFO">Clicking element 'xpath=//span[@id='select2-selUser6-container']'.</msg>
<arg>xpath=//span[@id='select2-selUser6-container']</arg>
<doc>Click the element identified by ``locator``.</doc>
<status status="PASS" start="2025-02-26T13:46:51.728493" elapsed="0.176413"/>
</kw>
<kw name="Sleep" owner="BuiltIn">
<msg time="2025-02-26T13:46:52.906042" level="INFO">Slept 1 second.</msg>
<arg>1s</arg>
<doc>Pauses the test executed for the given time.</doc>
<status status="PASS" start="2025-02-26T13:46:51.905319" elapsed="1.001151"/>
</kw>
<kw name="Click Element" owner="SeleniumLibrary">
<msg time="2025-02-26T13:46:52.908182" level="INFO">Clicking element 'xpath=//li[contains(@id, 'select2-selUser6-result') and contains(text(),'สิรภัทร เชี่ยวชาญวัฒนา')]'.</msg>
<arg>xpath=//li[contains(@id, 'select2-selUser6-result') and contains(text(),'สิรภัทร เชี่ยวชาญวัฒนา')]</arg>
<doc>Click the element identified by ``locator``.</doc>
<status status="PASS" start="2025-02-26T13:46:52.907193" elapsed="0.112059"/>
</kw>
<kw name="Sleep" owner="BuiltIn">
<msg time="2025-02-26T13:46:54.019924" level="INFO">Slept 1 second.</msg>
<arg>1s</arg>
<doc>Pauses the test executed for the given time.</doc>
<status status="PASS" start="2025-02-26T13:46:53.019502" elapsed="1.000579"/>
</kw>
<doc>เลือก "สิรภัทร" จาก DropDown</doc>
<status status="PASS" start="2025-02-26T13:46:51.651453" elapsed="2.368818"/>
</kw>
<status status="PASS" start="2025-02-26T13:46:51.560069" elapsed="2.460616"/>
</test>
<test id="s1-t10" name="TC010 Add Success" line="105">
<kw name="Select User from DropDown1">
<kw name="Wait Until Element Is Visible" owner="SeleniumLibrary">
<arg>xpath=//span[@id='select2-selUser6-container']</arg>
<arg>timeout=10s</arg>
<doc>Waits until the element ``locator`` is visible.</doc>
<status status="PASS" start="2025-02-26T13:46:54.025372" elapsed="0.036146"/>
</kw>
<kw name="Click Element" owner="SeleniumLibrary">
<msg time="2025-02-26T13:46:54.062140" level="INFO">Clicking element 'xpath=//span[@id='select2-selUser6-container']'.</msg>
<arg>xpath=//span[@id='select2-selUser6-container']</arg>
<doc>Click the element identified by ``locator``.</doc>
<status status="PASS" start="2025-02-26T13:46:54.061848" elapsed="0.119355"/>
</kw>
<kw name="Sleep" owner="BuiltIn">
<msg time="2025-02-26T13:46:55.182583" level="INFO">Slept 1 second.</msg>
<arg>1s</arg>
<doc>Pauses the test executed for the given time.</doc>
<status status="PASS" start="2025-02-26T13:46:54.181643" elapsed="1.001102"/>
</kw>
<kw name="Click Element" owner="SeleniumLibrary">
<msg time="2025-02-26T13:46:55.183386" level="INFO">Clicking element 'xpath=//li[contains(@id, 'select2-selUser6-result') and contains(text(),'สิรภัทร เชี่ยวชาญวัฒนา')]'.</msg>
<arg>xpath=//li[contains(@id, 'select2-selUser6-result') and contains(text(),'สิรภัทร เชี่ยวชาญวัฒนา')]</arg>
<doc>Click the element identified by ``locator``.</doc>
<status status="PASS" start="2025-02-26T13:46:55.183061" elapsed="0.079115"/>
</kw>
<kw name="Sleep" owner="BuiltIn">
<msg time="2025-02-26T13:46:56.263448" level="INFO">Slept 1 second.</msg>
<arg>1s</arg>
<doc>Pauses the test executed for the given time.</doc>
<status status="PASS" start="2025-02-26T13:46:55.262576" elapsed="1.001061"/>
</kw>
<doc>เลือก "สิรภัทร" จาก DropDown</doc>
<status status="PASS" start="2025-02-26T13:46:54.024893" elapsed="2.238937"/>
</kw>
<kw name="Click Element" owner="SeleniumLibrary">
<msg time="2025-02-26T13:46:56.264663" level="INFO">Clicking element 'xpath=//button[@type='submit' and contains(@class, 'btn-primary')]'.</msg>
<arg>xpath=//button[@type='submit' and contains(@class, 'btn-primary')]</arg>
<doc>Click the element identified by ``locator``.</doc>
<status status="PASS" start="2025-02-26T13:46:56.264330" elapsed="1.700878"/>
</kw>
<kw name="Wait Until Page Contains" owner="SeleniumLibrary">
<arg>Research group updated successfully</arg>
<arg>timeout=10s</arg>
<doc>Waits until ``text`` appears on the current page.</doc>
<status status="PASS" start="2025-02-26T13:46:57.965871" elapsed="0.017634"/>
</kw>
<doc>ใช้ค่าเลือกจาก DropDown แล้วกด Submit</doc>
<status status="PASS" start="2025-02-26T13:46:54.023274" elapsed="3.960711"/>
</test>
<test id="s1-t11" name="TC011 Logout1" line="111">
<kw name="Wait Until Element Is Visible" owner="SeleniumLibrary">
<arg>xpath=//a[contains(text(),'Logout')]</arg>
<arg>timeout=60s</arg>
<doc>Waits until the element ``locator`` is visible.</doc>
<status status="PASS" start="2025-02-26T13:46:57.986125" elapsed="0.032326"/>
</kw>
<kw name="Click Element" owner="SeleniumLibrary">
<msg time="2025-02-26T13:46:58.019935" level="INFO">Clicking element 'xpath=//a[contains(text(),'Logout')]'.</msg>
<arg>xpath=//a[contains(text(),'Logout')]</arg>
<doc>Click the element identified by ``locator``.</doc>
<status status="PASS" start="2025-02-26T13:46:58.019358" elapsed="0.878980"/>
</kw>
<kw name="Wait Until Page Contains" owner="SeleniumLibrary">
<arg>Login</arg>
<arg>timeout=60s</arg>
<doc>Waits until ``text`` appears on the current page.</doc>
<status status="PASS" start="2025-02-26T13:46:58.898900" elapsed="0.016119"/>
</kw>
<kw name="Location Should Be" owner="SeleniumLibrary">
<msg time="2025-02-26T13:46:58.923286" level="INFO">Current location is 'https://sesec2group3.cpkkuhost.com/login'.</msg>
<arg>${URL}/login</arg>
<doc>Verifies that the current URL is exactly ``url``.</doc>
<status status="PASS" start="2025-02-26T13:46:58.915484" elapsed="0.007906"/>
</kw>
<status status="PASS" start="2025-02-26T13:46:57.985208" elapsed="0.938504"/>
</test>
<test id="s1-t12" name="TC012 Login Member1" line="117">
<kw name="Input Text" owner="SeleniumLibrary">
<msg time="2025-02-26T13:46:58.925215" level="INFO">Typing text 'Urachart@kku.ac.th' into text field 'name=username'.</msg>
<arg>name=username</arg>
<arg>Urachart@kku.ac.th</arg>
<doc>Types the given ``text`` into the text field identified by ``locator``.</doc>
<status status="PASS" start="2025-02-26T13:46:58.924989" elapsed="0.145772"/>
</kw>
<kw name="Input Text" owner="SeleniumLibrary">
<msg time="2025-02-26T13:46:59.072219" level="INFO">Typing text '123456789' into text field 'name=password'.</msg>
<arg>name=password</arg>
<arg>123456789</arg>
<doc>Types the given ``text`` into the text field identified by ``locator``.</doc>
<status status="PASS" start="2025-02-26T13:46:59.071710" elapsed="0.125001"/>
</kw>
<kw name="Click Button" owner="SeleniumLibrary">
<msg time="2025-02-26T13:46:59.197880" level="INFO">Clicking button 'xpath=//button[@type='submit']'.</msg>
<arg>xpath=//button[@type='submit']</arg>
<doc>Clicks the button identified by ``locator``.</doc>
<status status="PASS" start="2025-02-26T13:46:59.197449" elapsed="1.320074"/>
</kw>
<kw name="Wait Until Page Contains" owner="SeleniumLibrary">
<arg>Dashboard</arg>
<arg>timeout=30s</arg>
<doc>Waits until ``text`` appears on the current page.</doc>
<status status="PASS" start="2025-02-26T13:47:00.518105" elapsed="0.012708"/>
</kw>
<status status="PASS" start="2025-02-26T13:46:58.924459" elapsed="1.606808"/>
</test>
<test id="s1-t13" name="TC013 Research Groups1" line="123">
<kw name="Wait Until Page Contains Element" owner="SeleniumLibrary">
<arg>xpath=//a[@class='nav-link']/span[contains(@class,'menu-title') and contains(text(),'Research Group')]</arg>
<arg>timeout=90s</arg>
<doc>Waits until the element ``locator`` appears on the current page.</doc>
<status status="PASS" start="2025-02-26T13:47:00.533104" elapsed="0.010207"/>
</kw>
<kw name="Execute Javascript" owner="SeleniumLibrary">
<msg time="2025-02-26T13:47:00.545369" level="INFO">Executing JavaScript:
window.scrollTo(0, document.body.scrollHeight);
Without any arguments.</msg>
<arg>window.scrollTo(0, document.body.scrollHeight);</arg>
<doc>Executes the given JavaScript code with possible arguments.</doc>
<status status="PASS" start="2025-02-26T13:47:00.544215" elapsed="0.009060"/>
</kw>
<kw name="Scroll Element Into View" owner="SeleniumLibrary">
<arg>xpath=//a[@class='nav-link']/span[contains(@class,'menu-title') and contains(text(),'Research Group')]</arg>
<doc>Scrolls the element identified by ``locator`` into view.</doc>
<status status="PASS" start="2025-02-26T13:47:00.554235" elapsed="0.291568"/>
</kw>
<kw name="Wait Until Element Is Visible" owner="SeleniumLibrary">
<arg>xpath=//a[@class='nav-link']/span[contains(@class,'menu-title') and contains(text(),'Research Group')]</arg>
<arg>timeout=30s</arg>
<doc>Waits until the element ``locator`` is visible.</doc>
<status status="PASS" start="2025-02-26T13:47:00.846248" elapsed="0.018657"/>
</kw>
<kw name="Click Element" owner="SeleniumLibrary">
<msg time="2025-02-26T13:47:00.865485" level="INFO">Clicking element 'xpath=//a[@class='nav-link']/span[contains(@class,'menu-title') and contains(text(),'Research Group')]'.</msg>
<arg>xpath=//a[@class='nav-link']/span[contains(@class,'menu-title') and contains(text(),'Research Group')]</arg>
<doc>Click the element identified by ``locator``.</doc>
<status status="PASS" start="2025-02-26T13:47:00.865258" elapsed="1.101913"/>
</kw>
<kw name="Sleep" owner="BuiltIn">
<msg time="2025-02-26T13:47:03.968961" level="INFO">Slept 2 seconds.</msg>
<arg>2s</arg>
<doc>Pauses the test executed for the given time.</doc>
<status status="PASS" start="2025-02-26T13:47:01.967909" elapsed="2.001256"/>
</kw>
<kw name="Wait Until Page Contains" owner="SeleniumLibrary">
<arg>Research Information Management System</arg>
<arg>timeout=60s</arg>
<doc>Waits until ``text`` appears on the current page.</doc>
<status status="PASS" start="2025-02-26T13:47:03.969718" elapsed="0.011262"/>
</kw>
<status status="PASS" start="2025-02-26T13:47:00.532477" elapsed="3.448861"/>
</test>
<test id="s1-t14" name="TC014 Logout2" line="132">
<kw name="Wait Until Element Is Visible" owner="SeleniumLibrary">
<arg>xpath=//a[contains(text(),'Logout')]</arg>
<arg>timeout=60s</arg>
<doc>Waits until the element ``locator`` is visible.</doc>
<status status="PASS" start="2025-02-26T13:47:03.983197" elapsed="0.022156"/>
</kw>
<kw name="Click Element" owner="SeleniumLibrary">
<msg time="2025-02-26T13:47:04.006284" level="INFO">Clicking element 'xpath=//a[contains(text(),'Logout')]'.</msg>
<arg>xpath=//a[contains(text(),'Logout')]</arg>
<doc>Click the element identified by ``locator``.</doc>
<status status="PASS" start="2025-02-26T13:47:04.005936" elapsed="0.755552"/>
</kw>
<kw name="Wait Until Page Contains" owner="SeleniumLibrary">
<arg>Login</arg>
<arg>timeout=60s</arg>
<doc>Waits until ``text`` appears on the current page.</doc>
<status status="PASS" start="2025-02-26T13:47:04.762682" elapsed="0.012081"/>
</kw>
<kw name="Location Should Be" owner="SeleniumLibrary">
<msg time="2025-02-26T13:47:04.781260" level="INFO">Current location is 'https://sesec2group3.cpkkuhost.com/login'.</msg>
<arg>${URL}/login</arg>
<doc>Verifies that the current URL is exactly ``url``.</doc>
<status status="PASS" start="2025-02-26T13:47:04.775188" elapsed="0.006253"/>
</kw>
<status status="PASS" start="2025-02-26T13:47:03.982767" elapsed="0.799339"/>
</test>
<test id="s1-t15" name="TC015 Login Admin" line="138">
<kw name="Input Text" owner="SeleniumLibrary">
<msg time="2025-02-26T13:47:04.784580" level="INFO">Typing text 'Admin@gmail.com' into text field 'name=username'.</msg>
<arg>name=username</arg>
<arg>Admin@gmail.com</arg>
<doc>Types the given ``text`` into the text field identified by ``locator``.</doc>
<status status="PASS" start="2025-02-26T13:47:04.784315" elapsed="0.133668"/>
</kw>
<kw name="Input Text" owner="SeleniumLibrary">
<msg time="2025-02-26T13:47:04.918983" level="INFO">Typing text '12345678' into text field 'name=password'.</msg>
<arg>name=password</arg>
<arg>12345678</arg>
<doc>Types the given ``text`` into the text field identified by ``locator``.</doc>
<status status="PASS" start="2025-02-26T13:47:04.918641" elapsed="0.132726"/>
</kw>
<kw name="Click Button" owner="SeleniumLibrary">
<msg time="2025-02-26T13:47:05.052301" level="INFO">Clicking button 'xpath=//button[@type='submit']'.</msg>
<arg>xpath=//button[@type='submit']</arg>
<doc>Clicks the button identified by ``locator``.</doc>
<status status="PASS" start="2025-02-26T13:47:05.051934" elapsed="1.370603"/>
</kw>
<kw name="Wait Until Page Contains" owner="SeleniumLibrary">
<arg>Dashboard</arg>
<arg>timeout=30s</arg>
<doc>Waits until ``text`` appears on the current page.</doc>
<status status="PASS" start="2025-02-26T13:47:06.423395" elapsed="0.016624"/>
</kw>
<status status="PASS" start="2025-02-26T13:47:04.783163" elapsed="1.657294"/>
</test>
<test id="s1-t16" name="TC016 Research Groups" line="144">
<kw name="Wait Until Page Contains Element" owner="SeleniumLibrary">
<arg>xpath=//a[@class='nav-link']/span[contains(@class,'menu-title') and contains(text(),'Research Group')]</arg>
<arg>timeout=90s</arg>
<doc>Waits until the element ``locator`` appears on the current page.</doc>
<status status="PASS" start="2025-02-26T13:47:06.441955" elapsed="0.013265"/>
</kw>
<kw name="Execute Javascript" owner="SeleniumLibrary">
<msg time="2025-02-26T13:47:06.456502" level="INFO">Executing JavaScript:
window.scrollTo(0, document.body.scrollHeight);
Without any arguments.</msg>
<arg>window.scrollTo(0, document.body.scrollHeight);</arg>
<doc>Executes the given JavaScript code with possible arguments.</doc>
<status status="PASS" start="2025-02-26T13:47:06.456021" elapsed="0.006919"/>
</kw>
<kw name="Scroll Element Into View" owner="SeleniumLibrary">
<arg>xpath=//a[@class='nav-link']/span[contains(@class,'menu-title') and contains(text(),'Research Group')]</arg>
<doc>Scrolls the element identified by ``locator`` into view.</doc>
<status status="PASS" start="2025-02-26T13:47:06.463543" elapsed="0.298028"/>
</kw>
<kw name="Wait Until Element Is Visible" owner="SeleniumLibrary">
<arg>xpath=//a[@class='nav-link']/span[contains(@class,'menu-title') and contains(text(),'Research Group')]</arg>
<arg>timeout=30s</arg>
<doc>Waits until the element ``locator`` is visible.</doc>
<status status="PASS" start="2025-02-26T13:47:06.762121" elapsed="0.018298"/>
</kw>
<kw name="Click Element" owner="SeleniumLibrary">
<msg time="2025-02-26T13:47:06.781155" level="INFO">Clicking element 'xpath=//a[@class='nav-link']/span[contains(@class,'menu-title') and contains(text(),'Research Group')]'.</msg>
<arg>xpath=//a[@class='nav-link']/span[contains(@class,'menu-title') and contains(text(),'Research Group')]</arg>
<doc>Click the element identified by ``locator``.</doc>
<status status="PASS" start="2025-02-26T13:47:06.780865" elapsed="0.533254"/>
</kw>
<kw name="Sleep" owner="BuiltIn">
<msg time="2025-02-26T13:47:09.315824" level="INFO">Slept 2 seconds.</msg>
<arg>2s</arg>
<doc>Pauses the test executed for the given time.</doc>
<status status="PASS" start="2025-02-26T13:47:07.314802" elapsed="2.001267"/>
</kw>
<kw name="Wait Until Page Contains" owner="SeleniumLibrary">
<arg>Research Information Management System</arg>
<arg>timeout=60s</arg>
<doc>Waits until ``text`` appears on the current page.</doc>
<status status="PASS" start="2025-02-26T13:47:09.316889" elapsed="0.011404"/>
</kw>
<status status="PASS" start="2025-02-26T13:47:06.441282" elapsed="2.887390"/>
</test>
<test id="s1-t17" name="TC017 Edit Research Group" line="153">
<kw name="Wait Until Element Is Visible" owner="SeleniumLibrary">
<arg>xpath=//a[@href='https://sesec2group3.cpkkuhost.com/researchGroups/22/edit' and contains(@class,'btn-outline-success') and @title='Edit']</arg>
<arg>timeout=60s</arg>
<doc>Waits until the element ``locator`` is visible.</doc>
<status status="PASS" start="2025-02-26T13:47:09.330343" elapsed="0.017340"/>
</kw>
<kw name="Scroll Element Into View" owner="SeleniumLibrary">
<arg>xpath=//a[@href='https://sesec2group3.cpkkuhost.com/researchGroups/22/edit' and contains(@class,'btn-outline-success') and @title='Edit']</arg>
<doc>Scrolls the element identified by ``locator`` into view.</doc>
<status status="PASS" start="2025-02-26T13:47:09.348072" elapsed="0.286683"/>
</kw>
<kw name="Click Element" owner="SeleniumLibrary">
<msg time="2025-02-26T13:47:09.635470" level="INFO">Clicking element 'xpath=//a[@href='https://sesec2group3.cpkkuhost.com/researchGroups/22/edit' and contains(@class,'btn-outline-success') and @title='Edit']'.</msg>
<arg>xpath=//a[@href='https://sesec2group3.cpkkuhost.com/researchGroups/22/edit' and contains(@class,'btn-outline-success') and @title='Edit']</arg>
<doc>Click the element identified by ``locator``.</doc>
<status status="PASS" start="2025-02-26T13:47:09.635211" elapsed="0.999294"/>
</kw>
<kw name="Sleep" owner="BuiltIn">
<msg time="2025-02-26T13:47:12.635884" level="INFO">Slept 2 seconds.</msg>
<arg>2s</arg>
<doc>Pauses the test executed for the given time.</doc>
<status status="PASS" start="2025-02-26T13:47:10.635182" elapsed="2.000926"/>
</kw>
<kw name="Wait Until Page Contains" owner="SeleniumLibrary">
<arg>แก้ไขข้อมูลกลุ่มวิจัย</arg>
<arg>timeout=60s</arg>
<doc>Waits until ``text`` appears on the current page.</doc>
<status status="PASS" start="2025-02-26T13:47:12.636779" elapsed="0.017800"/>
</kw>
<status status="PASS" start="2025-02-26T13:47:09.329657" elapsed="3.325346"/>
</test>
<test id="s1-t18" name="TC018 Change Permission Button" line="160">
<kw name="Select Permission from DropDown">
<kw name="Wait Until Element Is Visible" owner="SeleniumLibrary">
<arg>xpath=//select[@name="moreFields[1][can_edit]"]</arg>
<arg>timeout=10s</arg>
<doc>Waits until the element ``locator`` is visible.</doc>
<status status="PASS" start="2025-02-26T13:47:12.657018" elapsed="0.024832"/>
</kw>
<kw name="Select From List By Label" owner="SeleniumLibrary">
<msg time="2025-02-26T13:47:12.682904" level="INFO">Selecting options from selection list 'xpath=//select[@name="moreFields[1][can_edit]"]' by label View and Edit.</msg>
<arg>xpath=//select[@name="moreFields[1][can_edit]"]</arg>
<arg>View and Edit</arg>
<doc>Selects options from selection list ``locator`` by ``labels``.</doc>
<status status="PASS" start="2025-02-26T13:47:12.682343" elapsed="0.100769"/>
</kw>
<kw name="Sleep" owner="BuiltIn">
<msg time="2025-02-26T13:47:13.784239" level="INFO">Slept 1 second.</msg>
<arg>1s</arg>
<doc>Pauses the test executed for the given time.</doc>
<status status="PASS" start="2025-02-26T13:47:12.783399" elapsed="1.001068"/>
</kw>
<doc>เลือก "View and Edit" จาก DropDown</doc>
<status status="PASS" start="2025-02-26T13:47:12.656703" elapsed="1.128052"/>
</kw>
<status status="PASS" start="2025-02-26T13:47:12.656049" elapsed="1.129312"/>
</test>
<test id="s1-t19" name="TC019 Submit Button" line="163">
<kw name="Select Permission from DropDown">
<kw name="Wait Until Element Is Visible" owner="SeleniumLibrary">
<arg>xpath=//select[@name="moreFields[1][can_edit]"]</arg>
<arg>timeout=10s</arg>
<doc>Waits until the element ``locator`` is visible.</doc>
<status status="PASS" start="2025-02-26T13:47:13.787342" elapsed="0.024948"/>
</kw>
<kw name="Select From List By Label" owner="SeleniumLibrary">
<msg time="2025-02-26T13:47:13.813408" level="INFO">Selecting options from selection list 'xpath=//select[@name="moreFields[1][can_edit]"]' by label View and Edit.</msg>
<arg>xpath=//select[@name="moreFields[1][can_edit]"]</arg>
<arg>View and Edit</arg>
<doc>Selects options from selection list ``locator`` by ``labels``.</doc>
<status status="PASS" start="2025-02-26T13:47:13.812785" elapsed="0.059655"/>
</kw>
<kw name="Sleep" owner="BuiltIn">
<msg time="2025-02-26T13:47:14.873640" level="INFO">Slept 1 second.</msg>
<arg>1s</arg>
<doc>Pauses the test executed for the given time.</doc>
<status status="PASS" start="2025-02-26T13:47:13.872797" elapsed="1.001072"/>
</kw>
<doc>เลือก "View and Edit" จาก DropDown</doc>
<status status="PASS" start="2025-02-26T13:47:13.787015" elapsed="1.087154"/>
</kw>
<kw name="Click Element" owner="SeleniumLibrary">
<msg time="2025-02-26T13:47:14.875041" level="INFO">Clicking element 'xpath=//button[@type='submit' and contains(@class, 'btn-primary')]'.</msg>
<arg>xpath=//button[@type='submit' and contains(@class, 'btn-primary')]</arg>
<doc>Click the element identified by ``locator``.</doc>
<status status="PASS" start="2025-02-26T13:47:14.874725" elapsed="1.027102"/>
</kw>
<kw name="Wait Until Page Contains" owner="SeleniumLibrary">
<arg>Research group updated successfully</arg>
<arg>timeout=10s</arg>
<doc>Waits until ``text`` appears on the current page.</doc>
<status status="PASS" start="2025-02-26T13:47:15.902372" elapsed="0.011609"/>
</kw>
<status status="PASS" start="2025-02-26T13:47:13.786408" elapsed="2.127981"/>
</test>
<test id="s1-t20" name="TC020 Logout3" line="168">
<kw name="Wait Until Element Is Visible" owner="SeleniumLibrary">
<arg>xpath=//a[contains(text(),'Logout')]</arg>
<arg>timeout=60s</arg>
<doc>Waits until the element ``locator`` is visible.</doc>
<status status="PASS" start="2025-02-26T13:47:15.925655" elapsed="0.027007"/>
</kw>
<kw name="Click Element" owner="SeleniumLibrary">
<msg time="2025-02-26T13:47:15.953375" level="INFO">Clicking element 'xpath=//a[contains(text(),'Logout')]'.</msg>
<arg>xpath=//a[contains(text(),'Logout')]</arg>
<doc>Click the element identified by ``locator``.</doc>
<status status="PASS" start="2025-02-26T13:47:15.953130" elapsed="0.842174"/>
</kw>
<kw name="Wait Until Page Contains" owner="SeleniumLibrary">
<arg>Login</arg>
<arg>timeout=60s</arg>
<doc>Waits until ``text`` appears on the current page.</doc>
<status status="PASS" start="2025-02-26T13:47:16.796077" elapsed="0.011743"/>
</kw>
<kw name="Location Should Be" owner="SeleniumLibrary">
<msg time="2025-02-26T13:47:16.814266" level="INFO">Current location is 'https://sesec2group3.cpkkuhost.com/login'.</msg>
<arg>${URL}/login</arg>
<doc>Verifies that the current URL is exactly ``url``.</doc>
<status status="PASS" start="2025-02-26T13:47:16.808258" elapsed="0.006125"/>
</kw>
<status status="PASS" start="2025-02-26T13:47:15.924793" elapsed="0.889917"/>
</test>
<test id="s1-t21" name="TC021 Login Member2" line="174">
<kw name="Input Text" owner="SeleniumLibrary">
<msg time="2025-02-26T13:47:16.817340" level="INFO">Typing text 'Urachart@kku.ac.th' into text field 'name=username'.</msg>
<arg>name=username</arg>
<arg>Urachart@kku.ac.th</arg>
<doc>Types the given ``text`` into the text field identified by ``locator``.</doc>
<status status="PASS" start="2025-02-26T13:47:16.816998" elapsed="0.144151"/>
</kw>
<kw name="Input Text" owner="SeleniumLibrary">
<msg time="2025-02-26T13:47:16.962114" level="INFO">Typing text '123456789' into text field 'name=password'.</msg>
<arg>name=password</arg>
<arg>123456789</arg>
<doc>Types the given ``text`` into the text field identified by ``locator``.</doc>
<status status="PASS" start="2025-02-26T13:47:16.961785" elapsed="0.123759"/>
</kw>
<kw name="Click Button" owner="SeleniumLibrary">
<msg time="2025-02-26T13:47:17.086272" level="INFO">Clicking button 'xpath=//button[@type='submit']'.</msg>
<arg>xpath=//button[@type='submit']</arg>
<doc>Clicks the button identified by ``locator``.</doc>
<status status="PASS" start="2025-02-26T13:47:17.085976" elapsed="3.297926"/>
</kw>
<kw name="Wait Until Page Contains" owner="SeleniumLibrary">
<arg>Dashboard</arg>
<arg>timeout=30s</arg>
<doc>Waits until ``text`` appears on the current page.</doc>
<status status="PASS" start="2025-02-26T13:47:20.384716" elapsed="0.020472"/>
</kw>
<status status="PASS" start="2025-02-26T13:47:16.816008" elapsed="3.589552"/>
</test>
<test id="s1-t22" name="TC022 Research Groups2" line="180">
<kw name="Wait Until Page Contains Element" owner="SeleniumLibrary">
<arg>xpath=//a[@class='nav-link']/span[contains(@class,'menu-title') and contains(text(),'Research Group')]</arg>
<arg>timeout=90s</arg>
<doc>Waits until the element ``locator`` appears on the current page.</doc>
<status status="PASS" start="2025-02-26T13:47:20.407033" elapsed="0.009205"/>
</kw>
<kw name="Execute Javascript" owner="SeleniumLibrary">
<msg time="2025-02-26T13:47:20.417629" level="INFO">Executing JavaScript:
window.scrollTo(0, document.body.scrollHeight);
Without any arguments.</msg>
<arg>window.scrollTo(0, document.body.scrollHeight);</arg>
<doc>Executes the given JavaScript code with possible arguments.</doc>
<status status="PASS" start="2025-02-26T13:47:20.416785" elapsed="0.008190"/>
</kw>
<kw name="Scroll Element Into View" owner="SeleniumLibrary">
<arg>xpath=//a[@class='nav-link']/span[contains(@class,'menu-title') and contains(text(),'Research Group')]</arg>
<doc>Scrolls the element identified by ``locator`` into view.</doc>
<status status="PASS" start="2025-02-26T13:47:20.425374" elapsed="0.310012"/>
</kw>
<kw name="Wait Until Element Is Visible" owner="SeleniumLibrary">
<arg>xpath=//a[@class='nav-link']/span[contains(@class,'menu-title') and contains(text(),'Research Group')]</arg>
<arg>timeout=30s</arg>
<doc>Waits until the element ``locator`` is visible.</doc>
<status status="PASS" start="2025-02-26T13:47:20.735845" elapsed="0.018517"/>
</kw>
<kw name="Click Element" owner="SeleniumLibrary">
<msg time="2025-02-26T13:47:20.755007" level="INFO">Clicking element 'xpath=//a[@class='nav-link']/span[contains(@class,'menu-title') and contains(text(),'Research Group')]'.</msg>
<arg>xpath=//a[@class='nav-link']/span[contains(@class,'menu-title') and contains(text(),'Research Group')]</arg>
<doc>Click the element identified by ``locator``.</doc>
<status status="PASS" start="2025-02-26T13:47:20.754756" elapsed="2.520203"/>
</kw>
<kw name="Sleep" owner="BuiltIn">
<msg time="2025-02-26T13:47:25.276919" level="INFO">Slept 2 seconds.</msg>
<arg>2s</arg>
<doc>Pauses the test executed for the given time.</doc>
<status status="PASS" start="2025-02-26T13:47:23.276066" elapsed="2.001105"/>
</kw>
<kw name="Wait Until Page Contains" owner="SeleniumLibrary">
<arg>Research Information Management System</arg>
<arg>timeout=60s</arg>
<doc>Waits until ``text`` appears on the current page.</doc>
<status status="PASS" start="2025-02-26T13:47:25.277732" elapsed="0.014499"/>
</kw>
<status status="PASS" start="2025-02-26T13:47:20.406474" elapsed="4.886292"/>
</test>
<test id="s1-t23" name="TC023 Edit Research Groups2" line="189">
<kw name="Wait Until Element Is Visible" owner="SeleniumLibrary">
<arg>xpath=//a[@href='https://sesec2group3.cpkkuhost.com/researchGroups/22/edit' and contains(@class,'btn-outline-success') and @title='Edit']</arg>
<arg>timeout=60s</arg>
<doc>Waits until the element ``locator`` is visible.</doc>
<status status="PASS" start="2025-02-26T13:47:25.294757" elapsed="0.022278"/>
</kw>
<kw name="Scroll Element Into View" owner="SeleniumLibrary">
<arg>xpath=//a[@href='https://sesec2group3.cpkkuhost.com/researchGroups/22/edit' and contains(@class,'btn-outline-success') and @title='Edit']</arg>
<doc>Scrolls the element identified by ``locator`` into view.</doc>
<status status="PASS" start="2025-02-26T13:47:25.317700" elapsed="0.295656"/>
</kw>
<kw name="Click Element" owner="SeleniumLibrary">
<msg time="2025-02-26T13:47:25.614306" level="INFO">Clicking element 'xpath=//a[@href='https://sesec2group3.cpkkuhost.com/researchGroups/22/edit' and contains(@class,'btn-outline-success') and @title='Edit']'.</msg>
<arg>xpath=//a[@href='https://sesec2group3.cpkkuhost.com/researchGroups/22/edit' and contains(@class,'btn-outline-success') and @title='Edit']</arg>
<doc>Click the element identified by ``locator``.</doc>
<status status="PASS" start="2025-02-26T13:47:25.613968" elapsed="1.852478"/>
</kw>
<kw name="Sleep" owner="BuiltIn">
<msg time="2025-02-26T13:47:29.467885" level="INFO">Slept 2 seconds.</msg>
<arg>2s</arg>
<doc>Pauses the test executed for the given time.</doc>
<status status="PASS" start="2025-02-26T13:47:27.466907" elapsed="2.001279"/>
</kw>
<kw name="Wait Until Page Contains" owner="SeleniumLibrary">
<arg>แก้ไขข้อมูลกลุ่มวิจัย</arg>
<arg>timeout=60s</arg>
<doc>Waits until ``text`` appears on the current page.</doc>
<status status="PASS" start="2025-02-26T13:47:29.469073" elapsed="0.020855"/>
</kw>
<status status="PASS" start="2025-02-26T13:47:25.293939" elapsed="4.196524"/>
</test>
<test id="s1-t24" name="TC024 Add Member2" line="196">
<kw name="Wait Until Element Is Visible" owner="SeleniumLibrary">
<arg>xpath=//button[@id='add-btn-visiting']</arg>
<arg>timeout=60s</arg>
<doc>Waits until the element ``locator`` is visible.</doc>
<status status="PASS" start="2025-02-26T13:47:29.493392" elapsed="0.034158"/>
</kw>
<kw name="Scroll Element Into View" owner="SeleniumLibrary">
<arg>xpath=//button[@id='add-btn-visiting']</arg>
<doc>Scrolls the element identified by ``locator`` into view.</doc>
<status status="PASS" start="2025-02-26T13:47:29.531186" elapsed="0.287078"/>
</kw>
<kw name="Click Element" owner="SeleniumLibrary">
<msg time="2025-02-26T13:47:29.819209" level="INFO">Clicking element 'xpath=//button[@id='add-btn-visiting']'.</msg>
<arg>xpath=//button[@id='add-btn-visiting']</arg>
<doc>Click the element identified by ``locator``.</doc>
<status status="PASS" start="2025-02-26T13:47:29.818803" elapsed="0.157000"/>
</kw>
<kw name="Sleep" owner="BuiltIn">
<msg time="2025-02-26T13:47:31.977482" level="INFO">Slept 2 seconds.</msg>
<arg>2s</arg>
<doc>Pauses the test executed for the given time.</doc>
<status status="PASS" start="2025-02-26T13:47:29.976531" elapsed="2.001164"/>
</kw>
<kw name="Wait Until Element Is Visible" owner="SeleniumLibrary">
<arg>xpath=//div[contains(@class, 'visiting-scholar-entry')]</arg>
<arg>timeout=60s</arg>
<doc>Waits until the element ``locator`` is visible.</doc>
<status status="PASS" start="2025-02-26T13:47:31.978292" elapsed="0.028178"/>
</kw>
<doc>กดปุ่มเพิ่มนักวิจัยรับเชิญและรอให้กล่องปรากฏ</doc>
<status status="PASS" start="2025-02-26T13:47:29.491313" elapsed="2.515688"/>
</test>
<test id="s1-t25" name="TC025 Verify Input Fields Appear" line="207">
<kw name="Wait Until Element Is Visible" owner="SeleniumLibrary">
<arg>xpath=//input[@name='visiting[1][first_name]']</arg>
<arg>timeout=30s</arg>
<doc>Waits until the element ``locator`` is visible.</doc>
<status status="PASS" start="2025-02-26T13:47:32.009117" elapsed="0.024312"/>
</kw>
<kw name="Wait Until Element Is Visible" owner="SeleniumLibrary">
<arg>xpath=//input[@name='visiting[1][last_name]']</arg>
<arg>timeout=30s</arg>
<doc>Waits until the element ``locator`` is visible.</doc>
<status status="PASS" start="2025-02-26T13:47:32.033998" elapsed="0.023940"/>
</kw>
<status status="PASS" start="2025-02-26T13:47:32.008117" elapsed="0.050215"/>
</test>
<test id="s1-t26" name="TC026 Enter Name" line="212">
<kw name="Enter First and Last Name">
<kw name="Wait Until Element Is Visible" owner="SeleniumLibrary">
<arg>xpath=//input[@name='visiting[1][first_name]']</arg>
<arg>timeout=10s</arg>
<doc>Waits until the element ``locator`` is visible.</doc>
<status status="PASS" start="2025-02-26T13:47:32.061010" elapsed="0.018840"/>
</kw>
<kw name="Wait Until Element Is Visible" owner="SeleniumLibrary">
<arg>xpath=//input[@name='visiting[1][last_name]']</arg>
<arg>timeout=10s</arg>
<doc>Waits until the element ``locator`` is visible.</doc>
<status status="PASS" start="2025-02-26T13:47:32.080112" elapsed="0.018922"/>
</kw>
<kw name="Input Text" owner="SeleniumLibrary">
<msg time="2025-02-26T13:47:32.099594" level="INFO">Typing text 'Loan Thi-Thuy' into text field 'xpath=//input[@name='visiting[1][first_name]']'.</msg>
<arg>xpath=//input[@name='visiting[1][first_name]']</arg>
<arg>Loan Thi-Thuy</arg>
<doc>Types the given ``text`` into the text field identified by ``locator``.</doc>
<status status="PASS" start="2025-02-26T13:47:32.099269" elapsed="0.126704"/>
</kw>
<kw name="Input Text" owner="SeleniumLibrary">
<msg time="2025-02-26T13:47:32.226602" level="INFO">Typing text 'Ho' into text field 'xpath=//input[@name='visiting[1][last_name]']'.</msg>
<arg>xpath=//input[@name='visiting[1][last_name]']</arg>
<arg>Ho</arg>
<doc>Types the given ``text`` into the text field identified by ``locator``.</doc>
<status status="PASS" start="2025-02-26T13:47:32.226236" elapsed="0.105464"/>
</kw>
<kw name="Sleep" owner="BuiltIn">
<msg time="2025-02-26T13:47:33.332395" level="INFO">Slept 1 second.</msg>
<arg>1s</arg>
<doc>Pauses the test executed for the given time.</doc>
<status status="PASS" start="2025-02-26T13:47:32.331939" elapsed="1.000642"/>
</kw>
<doc>กรอกชื่อนามสกุล "Loan Thi-Thuy Ho" ลงในช่อง Input</doc>
<status status="PASS" start="2025-02-26T13:47:32.060524" elapsed="1.272250"/>
</kw>
<doc>กรอกชื่อ "Loan Thi-Thuy" และนามสกุล "Ho"</doc>
<status status="PASS" start="2025-02-26T13:47:32.059231" elapsed="1.274459"/>
</test>
<test id="s1-t27" name="TC027 Add Success" line="216">
<kw name="Enter First and Last Name">
<kw name="Wait Until Element Is Visible" owner="SeleniumLibrary">
<arg>xpath=//input[@name='visiting[1][first_name]']</arg>
<arg>timeout=10s</arg>
<doc>Waits until the element ``locator`` is visible.</doc>
<status status="PASS" start="2025-02-26T13:47:33.336162" elapsed="0.019928"/>
</kw>
<kw name="Wait Until Element Is Visible" owner="SeleniumLibrary">
<arg>xpath=//input[@name='visiting[1][last_name]']</arg>
<arg>timeout=10s</arg>
<doc>Waits until the element ``locator`` is visible.</doc>
<status status="PASS" start="2025-02-26T13:47:33.356349" elapsed="0.022335"/>
</kw>
<kw name="Input Text" owner="SeleniumLibrary">
<msg time="2025-02-26T13:47:33.379711" level="INFO">Typing text 'Loan Thi-Thuy' into text field 'xpath=//input[@name='visiting[1][first_name]']'.</msg>
<arg>xpath=//input[@name='visiting[1][first_name]']</arg>
<arg>Loan Thi-Thuy</arg>
<doc>Types the given ``text`` into the text field identified by ``locator``.</doc>
<status status="PASS" start="2025-02-26T13:47:33.379203" elapsed="0.182548"/>
</kw>
<kw name="Input Text" owner="SeleniumLibrary">
<msg time="2025-02-26T13:47:33.562770" level="INFO">Typing text 'Ho' into text field 'xpath=//input[@name='visiting[1][last_name]']'.</msg>
<arg>xpath=//input[@name='visiting[1][last_name]']</arg>
<arg>Ho</arg>
<doc>Types the given ``text`` into the text field identified by ``locator``.</doc>
<status status="PASS" start="2025-02-26T13:47:33.562209" elapsed="0.138674"/>
</kw>
<kw name="Sleep" owner="BuiltIn">
<msg time="2025-02-26T13:47:34.702326" level="INFO">Slept 1 second.</msg>
<arg>1s</arg>
<doc>Pauses the test executed for the given time.</doc>
<status status="PASS" start="2025-02-26T13:47:33.701394" elapsed="1.002083"/>
</kw>
<doc>กรอกชื่อนามสกุล "Loan Thi-Thuy Ho" ลงในช่อง Input</doc>
<status status="PASS" start="2025-02-26T13:47:33.335863" elapsed="1.367755"/>
</kw>
<kw name="Click Element" owner="SeleniumLibrary">
<msg time="2025-02-26T13:47:34.704366" level="INFO">Clicking element 'xpath=//button[@type='submit' and contains(@class, 'btn-primary')]'.</msg>
<arg>xpath=//button[@type='submit' and contains(@class, 'btn-primary')]</arg>
<doc>Click the element identified by ``locator``.</doc>
<status status="PASS" start="2025-02-26T13:47:34.704086" elapsed="1.958473"/>
</kw>
<kw name="Wait Until Page Contains" owner="SeleniumLibrary">
<arg>Research group updated successfully</arg>
<arg>timeout=30s</arg>
<doc>Waits until ``text`` appears on the current page.</doc>
<status status="PASS" start="2025-02-26T13:47:36.663332" elapsed="0.042152"/>
</kw>
<doc>ใช้ค่าที่กรอกจาก Input Fields แล้วกด Submit</doc>
<status status="PASS" start="2025-02-26T13:47:33.334685" elapsed="3.371317"/>
</test>
<test id="s1-t28" name="TC028 Open Event Registration Page2" line="229">
<kw name="Open Browser" owner="SeleniumLibrary">
<msg time="2025-02-26T13:47:36.708955" level="INFO">Opening browser 'Chrome' to base url 'https://sesec2group3.cpkkuhost.com'.</msg>
<arg>${URL}</arg>
<arg>${BROWSER}</arg>
<arg>options=add_argument("--force-device-scale-factor=0.9")</arg>
<doc>Opens a new browser instance to the optional ``url``.</doc>
<status status="PASS" start="2025-02-26T13:47:36.707614" elapsed="17.583934"/>
</kw>
<kw name="Maximize Browser Window" owner="SeleniumLibrary">
<doc>Maximizes current browser window.</doc>
<status status="PASS" start="2025-02-26T13:47:54.293001" elapsed="0.095662"/>
</kw>
<kw name="Wait Until Page Contains" owner="SeleniumLibrary">
<arg>ระบบข้อมูลงานวิจัย วิทยาลัยการคอมพิวเตอร์</arg>
<arg>timeout=30s</arg>
<doc>Waits until ``text`` appears on the current page.</doc>
<status status="PASS" start="2025-02-26T13:47:54.389387" elapsed="0.024230"/>
</kw>
<kw name="Page Should Contain" owner="SeleniumLibrary">
<msg time="2025-02-26T13:47:54.425335" level="INFO">Current page contains text 'ระบบข้อมูลงานวิจัย วิทยาลัยการคอมพิวเตอร์'.</msg>
<arg>ระบบข้อมูลงานวิจัย วิทยาลัยการคอมพิวเตอร์</arg>
<doc>Verifies that current page contains ``text``.</doc>
<status status="PASS" start="2025-02-26T13:47:54.414115" elapsed="0.011654"/>
</kw>
<status status="PASS" start="2025-02-26T13:47:36.706988" elapsed="17.719620"/>
</test>
<test id="s1-t29" name="TC029 Researcher Group Navigation2" line="235">
<kw name="Wait Until Element Is Visible" owner="SeleniumLibrary">
<arg>xpath=//a[contains(text(),'Research Group')]</arg>
<arg>timeout=30s</arg>
<doc>Waits until the element ``locator`` is visible.</doc>
<status status="PASS" start="2025-02-26T13:47:54.428252" elapsed="0.041160"/>
</kw>
<kw name="Click Element" owner="SeleniumLibrary">
<msg time="2025-02-26T13:47:54.470036" level="INFO">Clicking element 'xpath=//a[contains(text(),'Research Group')]'.</msg>
<arg>xpath=//a[contains(text(),'Research Group')]</arg>
<doc>Click the element identified by ``locator``.</doc>
<status status="PASS" start="2025-02-26T13:47:54.469795" elapsed="4.559963"/>
</kw>
<kw name="Wait Until Page Contains" owner="SeleniumLibrary">
<arg>Research Group</arg>
<arg>timeout=30s</arg>
<doc>Waits until ``text`` appears on the current page.</doc>
<status status="PASS" start="2025-02-26T13:47:59.030161" elapsed="0.018338"/>
</kw>
<status status="PASS" start="2025-02-26T13:47:54.427624" elapsed="4.621259"/>
</test>
<test id="s1-t30" name="TC030 View Research Group Details2" line="240">
<kw name="Wait Until Element Is Visible" owner="SeleniumLibrary">
<arg>xpath=//div[@class='overlay']//h5[text()='Applied Intelligence and Data Analytics (AIDA)']</arg>
<arg>timeout=60s</arg>
<doc>Waits until the element ``locator`` is visible.</doc>
<status status="PASS" start="2025-02-26T13:47:59.050946" elapsed="0.030484"/>
</kw>
<kw name="Click Element" owner="SeleniumLibrary">
<msg time="2025-02-26T13:47:59.083233" level="INFO">Clicking element 'xpath=//div[@class='overlay']//h5[text()='Applied Intelligence and Data Analytics (AIDA)']'.</msg>
<arg>xpath=//div[@class='overlay']//h5[text()='Applied Intelligence and Data Analytics (AIDA)']</arg>
<doc>Click the element identified by ``locator``.</doc>
<status status="PASS" start="2025-02-26T13:47:59.082530" elapsed="5.001659"/>
</kw>
<kw name="Sleep" owner="BuiltIn">
<msg time="2025-02-26T13:48:09.085287" level="INFO">Slept 5 seconds.</msg>
<arg>5s</arg>
<doc>Pauses the test executed for the given time.</doc>
<status status="PASS" start="2025-02-26T13:48:04.084744" elapsed="5.000804"/>
</kw>
<kw name="Wait Until Page Contains" owner="SeleniumLibrary">
<arg>AIDA</arg>
<arg>timeout=60s</arg>
<doc>Waits until ``text`` appears on the current page.</doc>
<status status="PASS" start="2025-02-26T13:48:09.086057" elapsed="0.014366"/>
</kw>
<status status="PASS" start="2025-02-26T13:47:59.050213" elapsed="10.051018"/>
</test>
<status status="PASS" start="2025-02-26T13:45:38.995528" elapsed="150.113621"/>
</suite>
<statistics>
<total>
<stat pass="30" fail="0" skip="0">All Tests</stat>
</total>
<tag>
</tag>
<suite>
<stat pass="30" fail="0" skip="0" id="s1" name="testRobotSprint2">testRobotSprint2</stat>
</suite>
</statistics>
<errors>
</errors>
</robot>
