<?xml version="1.0" encoding="UTF-8"?>
<robot generator="Robot 7.1.1 (Python 3.13.1 on win32)" generated="2025-03-12T01:02:43.633718" rpa="false" schemaversion="5">
<suite id="s1" name="Test Security Ui" source="D:\sprint1\git-group-repository-group-3-sec-2-v-2\Test\testRobotSprint3\test_security_ui.robot">
<test id="s1-t1" name="Test SQL Injection Security" line="11">
<kw name="GET" owner="RequestsLibrary">
<msg time="2025-03-12T01:02:46.195340" level="INFO">GET Request : url=https://projectsoften.cpkkuhost.com/sql 
 path_url=/sql 
 headers={'User-Agent': 'python-requests/2.32.3', 'Accept-Encoding': 'gzip, deflate', 'Accept': '*/*', 'Connection': 'keep-alive'} 
 body=None 
 </msg>
<msg time="2025-03-12T01:02:46.195721" level="INFO">GET Response : url=https://projectsoften.cpkkuhost.com/sql 
 status=406, reason=Not Acceptable 
 headers={'Date': 'Tue, 11 Mar 2025 18:02:44 GMT', 'Server': 'Apache', 'Content-Length': '226', 'Keep-Alive': 'timeout=5, max=75', 'Connection': 'Keep-Alive', 'Content-Type': 'text/html; charset=iso-8859-1'} 
 body=&lt;head&gt;&lt;title&gt;Not Acceptable!&lt;/title&gt;&lt;/head&gt;&lt;body&gt;&lt;h1&gt;Not Acceptable!&lt;/h1&gt;&lt;p&gt;An appropriate representation of the requested resource could not be found on this server. This error was generated by Mod_Security.&lt;/p&gt;&lt;/body&gt;&lt;/html&gt; 
 </msg>
<msg time="2025-03-12T01:02:46.196038" level="FAIL">HTTPError: 406 Client Error: Not Acceptable for url: https://projectsoften.cpkkuhost.com/sql</msg>
<var>${response}</var>
<arg>${BASE_URL}/sql</arg>
<doc>Sends a GET request.</doc>
<status status="FAIL" start="2025-03-12T01:02:44.815411" elapsed="1.388461">HTTPError: 406 Client Error: Not Acceptable for url: https://projectsoften.cpkkuhost.com/sql</status>
</kw>
<kw name="Log" owner="BuiltIn">
<arg>${response.status_code}</arg>
<doc>Logs the given message with the given level.</doc>
<status status="NOT RUN" start="2025-03-12T01:02:46.205898" elapsed="0.000079"/>
</kw>
<kw name="Log" owner="BuiltIn">
<arg>${response.text}</arg>
<doc>Logs the given message with the given level.</doc>
<status status="NOT RUN" start="2025-03-12T01:02:46.206348" elapsed="0.000054"/>
</kw>
<kw name="Should Be Equal As Strings" owner="BuiltIn">
<arg>${response.status_code}</arg>
<arg>200</arg>
<doc>Fails if objects are unequal after converting them to strings.</doc>
<status status="NOT RUN" start="2025-03-12T01:02:46.206725" elapsed="0.000052"/>
</kw>
<kw name="Should Contain" owner="BuiltIn">
<arg>${response.text}</arg>
<arg>SQL Security Test Passed</arg>
<doc>Fails if ``container`` does not contain ``item`` one or more times.</doc>
<status status="NOT RUN" start="2025-03-12T01:02:46.207173" elapsed="0.000056"/>
</kw>
<status status="FAIL" start="2025-03-12T01:02:44.813496" elapsed="1.395134">HTTPError: 406 Client Error: Not Acceptable for url: https://projectsoften.cpkkuhost.com/sql</status>
</test>
<test id="s1-t2" name="Test XSS Security" line="18">
<kw name="GET" owner="RequestsLibrary">
<msg time="2025-03-12T01:02:47.113993" level="INFO">GET Request : url=https://projectsoften.cpkkuhost.com/xss 
 path_url=/xss 
 headers={'User-Agent': 'python-requests/2.32.3', 'Accept-Encoding': 'gzip, deflate', 'Accept': '*/*', 'Connection': 'keep-alive'} 
 body=None 
 </msg>
<msg time="2025-03-12T01:02:47.114136" level="INFO">GET Response : url=https://projectsoften.cpkkuhost.com/xss 
 status=406, reason=Not Acceptable 
 headers={'Date': 'Tue, 11 Mar 2025 18:02:45 GMT', 'Server': 'Apache', 'Content-Length': '226', 'Keep-Alive': 'timeout=5, max=75', 'Connection': 'Keep-Alive', 'Content-Type': 'text/html; charset=iso-8859-1'} 
 body=&lt;head&gt;&lt;title&gt;Not Acceptable!&lt;/title&gt;&lt;/head&gt;&lt;body&gt;&lt;h1&gt;Not Acceptable!&lt;/h1&gt;&lt;p&gt;An appropriate representation of the requested resource could not be found on this server. This error was generated by Mod_Security.&lt;/p&gt;&lt;/body&gt;&lt;/html&gt; 
 </msg>
<msg time="2025-03-12T01:02:47.114364" level="FAIL">HTTPError: 406 Client Error: Not Acceptable for url: https://projectsoften.cpkkuhost.com/xss</msg>
<var>${response}</var>
<arg>${BASE_URL}/xss</arg>
<doc>Sends a GET request.</doc>
<status status="FAIL" start="2025-03-12T01:02:46.214494" elapsed="0.901130">HTTPError: 406 Client Error: Not Acceptable for url: https://projectsoften.cpkkuhost.com/xss</status>
</kw>
<kw name="Log" owner="BuiltIn">
<arg>${response.status_code}</arg>
<doc>Logs the given message with the given level.</doc>
<status status="NOT RUN" start="2025-03-12T01:02:47.116175" elapsed="0.000062"/>
</kw>
<kw name="Log" owner="BuiltIn">
<arg>${response.text}</arg>
<doc>Logs the given message with the given level.</doc>
<status status="NOT RUN" start="2025-03-12T01:02:47.116494" elapsed="0.000035"/>
</kw>
<kw name="Should Be Equal As Strings" owner="BuiltIn">
<arg>${response.status_code}</arg>
<arg>200</arg>
<doc>Fails if objects are unequal after converting them to strings.</doc>
<status status="NOT RUN" start="2025-03-12T01:02:47.116782" elapsed="0.000036"/>
</kw>
<kw name="Should Contain" owner="BuiltIn">
<arg>${response.text}</arg>
<arg>XSS Security Test Passed</arg>
<doc>Fails if ``container`` does not contain ``item`` one or more times.</doc>
<status status="NOT RUN" start="2025-03-12T01:02:47.117052" elapsed="0.000032"/>
</kw>
<status status="FAIL" start="2025-03-12T01:02:46.213644" elapsed="0.903809">HTTPError: 406 Client Error: Not Acceptable for url: https://projectsoften.cpkkuhost.com/xss</status>
</test>
<test id="s1-t3" name="Test DDoS Security" line="25">
<kw name="GET" owner="RequestsLibrary">
<msg time="2025-03-12T01:02:47.942149" level="INFO">GET Request : url=https://projectsoften.cpkkuhost.com/ddos 
 path_url=/ddos 
 headers={'User-Agent': 'python-requests/2.32.3', 'Accept-Encoding': 'gzip, deflate', 'Accept': '*/*', 'Connection': 'keep-alive'} 
 body=None 
 </msg>
<msg time="2025-03-12T01:02:47.942316" level="INFO">GET Response : url=https://projectsoften.cpkkuhost.com/ddos 
 status=406, reason=Not Acceptable 
 headers={'Date': 'Tue, 11 Mar 2025 18:02:46 GMT', 'Server': 'Apache', 'Content-Length': '226', 'Keep-Alive': 'timeout=5, max=75', 'Connection': 'Keep-Alive', 'Content-Type': 'text/html; charset=iso-8859-1'} 
 body=&lt;head&gt;&lt;title&gt;Not Acceptable!&lt;/title&gt;&lt;/head&gt;&lt;body&gt;&lt;h1&gt;Not Acceptable!&lt;/h1&gt;&lt;p&gt;An appropriate representation of the requested resource could not be found on this server. This error was generated by Mod_Security.&lt;/p&gt;&lt;/body&gt;&lt;/html&gt; 
 </msg>
<msg time="2025-03-12T01:02:47.942553" level="FAIL">HTTPError: 406 Client Error: Not Acceptable for url: https://projectsoften.cpkkuhost.com/ddos</msg>
<var>${response}</var>
<arg>${BASE_URL}/ddos</arg>
<doc>Sends a GET request.</doc>
<status status="FAIL" start="2025-03-12T01:02:47.119262" elapsed="0.824981">HTTPError: 406 Client Error: Not Acceptable for url: https://projectsoften.cpkkuhost.com/ddos</status>
</kw>
<kw name="Log" owner="BuiltIn">
<arg>${response.status_code}</arg>
<doc>Logs the given message with the given level.</doc>
<status status="NOT RUN" start="2025-03-12T01:02:47.944828" elapsed="0.000054"/>
</kw>
<kw name="Log" owner="BuiltIn">
<arg>${response.text}</arg>
<doc>Logs the given message with the given level.</doc>
<status status="NOT RUN" start="2025-03-12T01:02:47.945170" elapsed="0.000048"/>
</kw>
<kw name="Should Be Equal As Strings" owner="BuiltIn">
<arg>${response.status_code}</arg>
<arg>200</arg>
<doc>Fails if objects are unequal after converting them to strings.</doc>
<status status="NOT RUN" start="2025-03-12T01:02:47.945501" elapsed="0.000032"/>
</kw>
<kw name="Should Contain" owner="BuiltIn">
<arg>${response.text}</arg>
<arg>DDoS Security Test Passed</arg>
<doc>Fails if ``container`` does not contain ``item`` one or more times.</doc>
<status status="NOT RUN" start="2025-03-12T01:02:47.945804" elapsed="0.000032"/>
</kw>
<status status="FAIL" start="2025-03-12T01:02:47.118800" elapsed="0.827370">HTTPError: 406 Client Error: Not Acceptable for url: https://projectsoften.cpkkuhost.com/ddos</status>
</test>
<test id="s1-t4" name="Test Brute Force Security" line="32">
<kw name="GET" owner="RequestsLibrary">
<msg time="2025-03-12T01:02:47.960385" level="FAIL">Variable '${HEADERS}' not found.</msg>
<var>${response}</var>
<arg>${BASE_URL}/brute</arg>
<arg>headers=${HEADERS}</arg>
<doc>Sends a GET request.</doc>
<status status="FAIL" start="2025-03-12T01:02:47.959332" elapsed="0.001140">Variable '${HEADERS}' not found.</status>
</kw>
<kw name="Log" owner="BuiltIn">
<arg>${response.status_code}</arg>
<doc>Logs the given message with the given level.</doc>
<status status="NOT RUN" start="2025-03-12T01:02:47.960815" elapsed="0.000046"/>
</kw>
<kw name="Log" owner="BuiltIn">
<arg>${response.text}</arg>
<doc>Logs the given message with the given level.</doc>
<status status="NOT RUN" start="2025-03-12T01:02:47.961114" elapsed="0.000039"/>
</kw>
<kw name="Should Be Equal As Strings" owner="BuiltIn">
<arg>${response.status_code}</arg>
<arg>200</arg>
<doc>Fails if objects are unequal after converting them to strings.</doc>
<status status="NOT RUN" start="2025-03-12T01:02:47.961438" elapsed="0.000043"/>
</kw>
<kw name="Should Contain" owner="BuiltIn">
<arg>${response.text}</arg>
<arg>Brute Force Test Passed</arg>
<doc>Fails if ``container`` does not contain ``item`` one or more times.</doc>
<status status="NOT RUN" start="2025-03-12T01:02:47.961750" elapsed="0.000049"/>
</kw>
<status status="FAIL" start="2025-03-12T01:02:47.958559" elapsed="0.003642">Variable '${HEADERS}' not found.</status>
</test>
<test id="s1-t5" name="Test Failed Login Security" line="39">
<kw name="GET" owner="RequestsLibrary">
<msg time="2025-03-12T01:02:48.845420" level="INFO">GET Request : url=https://projectsoften.cpkkuhost.com/failed-login 
 path_url=/failed-login 
 headers={'User-Agent': 'python-requests/2.32.3', 'Accept-Encoding': 'gzip, deflate', 'Accept': '*/*', 'Connection': 'keep-alive'} 
 body=None 
 </msg>
<msg time="2025-03-12T01:02:48.845608" level="INFO">GET Response : url=https://projectsoften.cpkkuhost.com/failed-login 
 status=406, reason=Not Acceptable 
 headers={'Date': 'Tue, 11 Mar 2025 18:02:47 GMT', 'Server': 'Apache', 'Content-Length': '226', 'Keep-Alive': 'timeout=5, max=75', 'Connection': 'Keep-Alive', 'Content-Type': 'text/html; charset=iso-8859-1'} 
 body=&lt;head&gt;&lt;title&gt;Not Acceptable!&lt;/title&gt;&lt;/head&gt;&lt;body&gt;&lt;h1&gt;Not Acceptable!&lt;/h1&gt;&lt;p&gt;An appropriate representation of the requested resource could not be found on this server. This error was generated by Mod_Security.&lt;/p&gt;&lt;/body&gt;&lt;/html&gt; 
 </msg>
<msg time="2025-03-12T01:02:48.845859" level="FAIL">HTTPError: 406 Client Error: Not Acceptable for url: https://projectsoften.cpkkuhost.com/failed-login</msg>
<var>${response}</var>
<arg>${BASE_URL}/failed-login</arg>
<doc>Sends a GET request.</doc>
<status status="FAIL" start="2025-03-12T01:02:47.964461" elapsed="0.882768">HTTPError: 406 Client Error: Not Acceptable for url: https://projectsoften.cpkkuhost.com/failed-login</status>
</kw>
<kw name="Log" owner="BuiltIn">
<arg>${response.status_code}</arg>
<doc>Logs the given message with the given level.</doc>
<status status="NOT RUN" start="2025-03-12T01:02:48.847806" elapsed="0.000103"/>
</kw>
<kw name="Log" owner="BuiltIn">
<arg>${response.text}</arg>
<doc>Logs the given message with the given level.</doc>
<status status="NOT RUN" start="2025-03-12T01:02:48.848182" elapsed="0.000033"/>
</kw>
<kw name="Should Be Equal As Strings" owner="BuiltIn">
<arg>${response.status_code}</arg>
<arg>200</arg>
<doc>Fails if objects are unequal after converting them to strings.</doc>
<status status="NOT RUN" start="2025-03-12T01:02:48.848459" elapsed="0.000035"/>
</kw>
<kw name="Should Contain" owner="BuiltIn">
<arg>${response.text}</arg>
<arg>Failed Login Security Test Passed</arg>
<doc>Fails if ``container`` does not contain ``item`` one or more times.</doc>
<status status="NOT RUN" start="2025-03-12T01:02:48.848712" elapsed="0.000031"/>
</kw>
<status status="FAIL" start="2025-03-12T01:02:47.964027" elapsed="0.885037">HTTPError: 406 Client Error: Not Acceptable for url: https://projectsoften.cpkkuhost.com/failed-login</status>
</test>
<status status="FAIL" start="2025-03-12T01:02:43.635980" elapsed="5.214580"/>
</suite>
<statistics>
<total>
<stat pass="0" fail="5" skip="0">All Tests</stat>
</total>
<tag>
</tag>
<suite>
<stat pass="0" fail="5" skip="0" id="s1" name="Test Security Ui">Test Security Ui</stat>
</suite>
</statistics>
<errors>
</errors>
</robot>
